  소스의 유효성을 검사하는 중
  소스를 '127.0.0.1'(으)로 원격으로 복사하는 중
  아키텍처의 유효성을 검사하는 중
  아키텍처의 유효성을 검사하는 중
  원격 빌드를 시작하는 중
  소스를 컴파일하는 중:
  mul_of_8_key_recovery.c
  aes.c
C:\Users\Shinhanbum\Desktop\mul_of_8_key_recovery\CipherToolsL\..\Lib_Source\aes.c(205,7): warning : conversion from ‘int’ to ‘uint8_t’ {aka ‘unsigned char’} may change value [-Wconversion]
C:\Users\Shinhanbum\Desktop\mul_of_8_key_recovery\CipherToolsL\..\Lib_Source\aes.c(205,7): warning :   205 |       (  ((y & 1) * x) ^                              \
C:\Users\Shinhanbum\Desktop\mul_of_8_key_recovery\CipherToolsL\..\Lib_Source\aes.c(205,7): warning :       |       ^
C:\Users\Shinhanbum\Desktop\mul_of_8_key_recovery\CipherToolsL\..\Lib_Source\aes.c(224,20): message : in expansion of macro ‘Multiply’
C:\Users\Shinhanbum\Desktop\mul_of_8_key_recovery\CipherToolsL\..\Lib_Source\aes.c(224,20): message :   224 |   (*state)[i][0] = Multiply(a, 0x02) ^ Multiply(b, 0x03) ^ Multiply(c, 0x01) ^ Multiply(d, 0x01);
C:\Users\Shinhanbum\Desktop\mul_of_8_key_recovery\CipherToolsL\..\Lib_Source\aes.c(224,20): message :       |                    ^~~~~~~~
C:\Users\Shinhanbum\Desktop\mul_of_8_key_recovery\CipherToolsL\..\Lib_Source\aes.c(205,7): warning : conversion from ‘int’ to ‘uint8_t’ {aka ‘unsigned char’} may change value [-Wconversion]
C:\Users\Shinhanbum\Desktop\mul_of_8_key_recovery\CipherToolsL\..\Lib_Source\aes.c(205,7): warning :   205 |       (  ((y & 1) * x) ^                              \
C:\Users\Shinhanbum\Desktop\mul_of_8_key_recovery\CipherToolsL\..\Lib_Source\aes.c(205,7): warning :       |       ^
C:\Users\Shinhanbum\Desktop\mul_of_8_key_recovery\CipherToolsL\..\Lib_Source\aes.c(225,20): message : in expansion of macro ‘Multiply’
C:\Users\Shinhanbum\Desktop\mul_of_8_key_recovery\CipherToolsL\..\Lib_Source\aes.c(225,20): message :   225 |   (*state)[i][1] = Multiply(a, 0x01) ^ Multiply(b, 0x02) ^ Multiply(c, 0x03) ^ Multiply(d, 0x01);
C:\Users\Shinhanbum\Desktop\mul_of_8_key_recovery\CipherToolsL\..\Lib_Source\aes.c(225,20): message :       |                    ^~~~~~~~
C:\Users\Shinhanbum\Desktop\mul_of_8_key_recovery\CipherToolsL\..\Lib_Source\aes.c(205,7): warning : conversion from ‘int’ to ‘uint8_t’ {aka ‘unsigned char’} may change value [-Wconversion]
C:\Users\Shinhanbum\Desktop\mul_of_8_key_recovery\CipherToolsL\..\Lib_Source\aes.c(205,7): warning :   205 |       (  ((y & 1) * x) ^                              \
C:\Users\Shinhanbum\Desktop\mul_of_8_key_recovery\CipherToolsL\..\Lib_Source\aes.c(205,7): warning :       |       ^
C:\Users\Shinhanbum\Desktop\mul_of_8_key_recovery\CipherToolsL\..\Lib_Source\aes.c(226,20): message : in expansion of macro ‘Multiply’
C:\Users\Shinhanbum\Desktop\mul_of_8_key_recovery\CipherToolsL\..\Lib_Source\aes.c(226,20): message :   226 |   (*state)[i][2] = Multiply(a, 0x01) ^ Multiply(b, 0x01) ^ Multiply(c, 0x02) ^ Multiply(d, 0x03);
C:\Users\Shinhanbum\Desktop\mul_of_8_key_recovery\CipherToolsL\..\Lib_Source\aes.c(226,20): message :       |                    ^~~~~~~~
C:\Users\Shinhanbum\Desktop\mul_of_8_key_recovery\CipherToolsL\..\Lib_Source\aes.c(205,7): warning : conversion from ‘int’ to ‘uint8_t’ {aka ‘unsigned char’} may change value [-Wconversion]
C:\Users\Shinhanbum\Desktop\mul_of_8_key_recovery\CipherToolsL\..\Lib_Source\aes.c(205,7): warning :   205 |       (  ((y & 1) * x) ^                              \
C:\Users\Shinhanbum\Desktop\mul_of_8_key_recovery\CipherToolsL\..\Lib_Source\aes.c(205,7): warning :       |       ^
C:\Users\Shinhanbum\Desktop\mul_of_8_key_recovery\CipherToolsL\..\Lib_Source\aes.c(227,20): message : in expansion of macro ‘Multiply’
C:\Users\Shinhanbum\Desktop\mul_of_8_key_recovery\CipherToolsL\..\Lib_Source\aes.c(227,20): message :   227 |   (*state)[i][3] = Multiply(a, 0x03) ^ Multiply(b, 0x01) ^ Multiply(c, 0x01) ^ Multiply(d, 0x02);
C:\Users\Shinhanbum\Desktop\mul_of_8_key_recovery\CipherToolsL\..\Lib_Source\aes.c(227,20): message :       |                    ^~~~~~~~
C:\Users\Shinhanbum\Desktop\mul_of_8_key_recovery\CipherToolsL\..\Lib_Source\aes.c(205,7): warning : conversion from ‘int’ to ‘uint8_t’ {aka ‘unsigned char’} may change value [-Wconversion]
C:\Users\Shinhanbum\Desktop\mul_of_8_key_recovery\CipherToolsL\..\Lib_Source\aes.c(205,7): warning :   205 |       (  ((y & 1) * x) ^                              \
C:\Users\Shinhanbum\Desktop\mul_of_8_key_recovery\CipherToolsL\..\Lib_Source\aes.c(205,7): warning :       |       ^
C:\Users\Shinhanbum\Desktop\mul_of_8_key_recovery\CipherToolsL\..\Lib_Source\aes.c(244,20): message : in expansion of macro ‘Multiply’
C:\Users\Shinhanbum\Desktop\mul_of_8_key_recovery\CipherToolsL\..\Lib_Source\aes.c(244,20): message :   244 |   (*state)[i][0] = Multiply(a, 0x0e) ^ Multiply(b, 0x0b) ^ Multiply(c, 0x0d) ^ Multiply(d, 0x09);
C:\Users\Shinhanbum\Desktop\mul_of_8_key_recovery\CipherToolsL\..\Lib_Source\aes.c(244,20): message :       |                    ^~~~~~~~
C:\Users\Shinhanbum\Desktop\mul_of_8_key_recovery\CipherToolsL\..\Lib_Source\aes.c(205,7): warning : conversion from ‘int’ to ‘uint8_t’ {aka ‘unsigned char’} may change value [-Wconversion]
C:\Users\Shinhanbum\Desktop\mul_of_8_key_recovery\CipherToolsL\..\Lib_Source\aes.c(205,7): warning :   205 |       (  ((y & 1) * x) ^                              \
C:\Users\Shinhanbum\Desktop\mul_of_8_key_recovery\CipherToolsL\..\Lib_Source\aes.c(205,7): warning :       |       ^
C:\Users\Shinhanbum\Desktop\mul_of_8_key_recovery\CipherToolsL\..\Lib_Source\aes.c(245,20): message : in expansion of macro ‘Multiply’
C:\Users\Shinhanbum\Desktop\mul_of_8_key_recovery\CipherToolsL\..\Lib_Source\aes.c(245,20): message :   245 |   (*state)[i][1] = Multiply(a, 0x09) ^ Multiply(b, 0x0e) ^ Multiply(c, 0x0b) ^ Multiply(d, 0x0d);
C:\Users\Shinhanbum\Desktop\mul_of_8_key_recovery\CipherToolsL\..\Lib_Source\aes.c(245,20): message :       |                    ^~~~~~~~
C:\Users\Shinhanbum\Desktop\mul_of_8_key_recovery\CipherToolsL\..\Lib_Source\aes.c(205,7): warning : conversion from ‘int’ to ‘uint8_t’ {aka ‘unsigned char’} may change value [-Wconversion]
C:\Users\Shinhanbum\Desktop\mul_of_8_key_recovery\CipherToolsL\..\Lib_Source\aes.c(205,7): warning :   205 |       (  ((y & 1) * x) ^                              \
C:\Users\Shinhanbum\Desktop\mul_of_8_key_recovery\CipherToolsL\..\Lib_Source\aes.c(205,7): warning :       |       ^
C:\Users\Shinhanbum\Desktop\mul_of_8_key_recovery\CipherToolsL\..\Lib_Source\aes.c(246,20): message : in expansion of macro ‘Multiply’
C:\Users\Shinhanbum\Desktop\mul_of_8_key_recovery\CipherToolsL\..\Lib_Source\aes.c(246,20): message :   246 |   (*state)[i][2] = Multiply(a, 0x0d) ^ Multiply(b, 0x09) ^ Multiply(c, 0x0e) ^ Multiply(d, 0x0b);
C:\Users\Shinhanbum\Desktop\mul_of_8_key_recovery\CipherToolsL\..\Lib_Source\aes.c(246,20): message :       |                    ^~~~~~~~
C:\Users\Shinhanbum\Desktop\mul_of_8_key_recovery\CipherToolsL\..\Lib_Source\aes.c(205,7): warning : conversion from ‘int’ to ‘uint8_t’ {aka ‘unsigned char’} may change value [-Wconversion]
C:\Users\Shinhanbum\Desktop\mul_of_8_key_recovery\CipherToolsL\..\Lib_Source\aes.c(205,7): warning :   205 |       (  ((y & 1) * x) ^                              \
C:\Users\Shinhanbum\Desktop\mul_of_8_key_recovery\CipherToolsL\..\Lib_Source\aes.c(205,7): warning :       |       ^
C:\Users\Shinhanbum\Desktop\mul_of_8_key_recovery\CipherToolsL\..\Lib_Source\aes.c(247,20): message : in expansion of macro ‘Multiply’
C:\Users\Shinhanbum\Desktop\mul_of_8_key_recovery\CipherToolsL\..\Lib_Source\aes.c(247,20): message :   247 |   (*state)[i][3] = Multiply(a, 0x0b) ^ Multiply(b, 0x0d) ^ Multiply(c, 0x09) ^ Multiply(d, 0x0e);
C:\Users\Shinhanbum\Desktop\mul_of_8_key_recovery\CipherToolsL\..\Lib_Source\aes.c(247,20): message :       |                    ^~~~~~~~
C:\Users\Shinhanbum\Desktop\mul_of_8_key_recovery\CipherToolsL\..\Lib_Source\aes.c(317,14): warning : conversion from ‘int’ to ‘uint8_t’ {aka ‘unsigned char’} may change value [-Wconversion]
C:\Users\Shinhanbum\Desktop\mul_of_8_key_recovery\CipherToolsL\..\Lib_Source\aes.c(317,14): warning :   317 |  AddRoundKey(round, tmp_state, RoundKey);
C:\Users\Shinhanbum\Desktop\mul_of_8_key_recovery\CipherToolsL\..\Lib_Source\aes.c(317,14): warning :       |              ^~~~~
C:\Users\Shinhanbum\Desktop\mul_of_8_key_recovery\CipherToolsL\..\Lib_Source\aes.c(333,14): warning : conversion from ‘int’ to ‘uint8_t’ {aka ‘unsigned char’} may change value [-Wconversion]
C:\Users\Shinhanbum\Desktop\mul_of_8_key_recovery\CipherToolsL\..\Lib_Source\aes.c(333,14): warning :   333 |  AddRoundKey(round, tmp_state, RoundKey);
C:\Users\Shinhanbum\Desktop\mul_of_8_key_recovery\CipherToolsL\..\Lib_Source\aes.c(333,14): warning :       |              ^~~~~
C:\Users\Shinhanbum\Desktop\mul_of_8_key_recovery\CipherToolsL\..\Lib_Source\aes.c(338,19): warning : conversion from ‘int’ to ‘uint8_t’ {aka ‘unsigned char’} may change value [-Wconversion]
C:\Users\Shinhanbum\Desktop\mul_of_8_key_recovery\CipherToolsL\..\Lib_Source\aes.c(338,19): warning :   338 |  for (round_idx = (round - 1); round_idx > 0; --round_idx)
C:\Users\Shinhanbum\Desktop\mul_of_8_key_recovery\CipherToolsL\..\Lib_Source\aes.c(338,19): warning :       |                   ^
C:\Users\Shinhanbum\Desktop\mul_of_8_key_recovery\CipherToolsL\..\Lib_Source\aes.c(413,19): warning : conversion from ‘int’ to ‘uint8_t’ {aka ‘unsigned char’} may change value [-Wconversion]
C:\Users\Shinhanbum\Desktop\mul_of_8_key_recovery\CipherToolsL\..\Lib_Source\aes.c(413,19): warning :   413 |  for (round_idx = (round - 1); round_idx > 0; --round_idx)
C:\Users\Shinhanbum\Desktop\mul_of_8_key_recovery\CipherToolsL\..\Lib_Source\aes.c(413,19): warning :       |                   ^
C:\Users\Shinhanbum\Desktop\mul_of_8_key_recovery\CipherToolsL\..\Lib_Source\aes.c(495,19): warning : conversion from ‘int’ to ‘uint8_t’ {aka ‘unsigned char’} may change value [-Wconversion]
C:\Users\Shinhanbum\Desktop\mul_of_8_key_recovery\CipherToolsL\..\Lib_Source\aes.c(495,19): warning :   495 |  for (round_idx = (round - 1); round_idx > 0; --round_idx)
C:\Users\Shinhanbum\Desktop\mul_of_8_key_recovery\CipherToolsL\..\Lib_Source\aes.c(495,19): warning :       |                   ^
C:\Users\Shinhanbum\Desktop\mul_of_8_key_recovery\CipherToolsL\..\Lib_Source\aes.c(533,1): warning : control reaches end of non-void function [-Wreturn-type]
C:\Users\Shinhanbum\Desktop\mul_of_8_key_recovery\CipherToolsL\..\Lib_Source\aes.c(533,1): warning :   533 | }
C:\Users\Shinhanbum\Desktop\mul_of_8_key_recovery\CipherToolsL\..\Lib_Source\aes.c(533,1): warning :       | ^
C:\Users\Shinhanbum\Desktop\mul_of_8_key_recovery\CipherToolsL\..\Lib_Source\mul_of_8_key_recovery.c(85,7): warning : conversion from ‘int’ to ‘uint8_t’ {aka ‘unsigned char’} may change value [-Wconversion]
C:\Users\Shinhanbum\Desktop\mul_of_8_key_recovery\CipherToolsL\..\Lib_Source\mul_of_8_key_recovery.c(85,7): warning :    85 |       (  ((y & 1) * x) ^                              \
C:\Users\Shinhanbum\Desktop\mul_of_8_key_recovery\CipherToolsL\..\Lib_Source\mul_of_8_key_recovery.c(85,7): warning :       |       ^
C:\Users\Shinhanbum\Desktop\mul_of_8_key_recovery\CipherToolsL\..\Lib_Source\mul_of_8_key_recovery.c(101,13): message : in expansion of macro ‘Multiply’
C:\Users\Shinhanbum\Desktop\mul_of_8_key_recovery\CipherToolsL\..\Lib_Source\mul_of_8_key_recovery.c(101,13): message :   101 |  state[0] = Multiply(a, 0x02) ^ Multiply(b, 0x03) ^ Multiply(c, 0x01) ^ Multiply(d, 0x01);
C:\Users\Shinhanbum\Desktop\mul_of_8_key_recovery\CipherToolsL\..\Lib_Source\mul_of_8_key_recovery.c(101,13): message :       |             ^~~~~~~~
C:\Users\Shinhanbum\Desktop\mul_of_8_key_recovery\CipherToolsL\..\Lib_Source\mul_of_8_key_recovery.c(85,7): warning : conversion from ‘int’ to ‘uint8_t’ {aka ‘unsigned char’} may change value [-Wconversion]
C:\Users\Shinhanbum\Desktop\mul_of_8_key_recovery\CipherToolsL\..\Lib_Source\mul_of_8_key_recovery.c(85,7): warning :    85 |       (  ((y & 1) * x) ^                              \
C:\Users\Shinhanbum\Desktop\mul_of_8_key_recovery\CipherToolsL\..\Lib_Source\mul_of_8_key_recovery.c(85,7): warning :       |       ^
C:\Users\Shinhanbum\Desktop\mul_of_8_key_recovery\CipherToolsL\..\Lib_Source\mul_of_8_key_recovery.c(102,13): message : in expansion of macro ‘Multiply’
C:\Users\Shinhanbum\Desktop\mul_of_8_key_recovery\CipherToolsL\..\Lib_Source\mul_of_8_key_recovery.c(102,13): message :   102 |  state[1] = Multiply(a, 0x01) ^ Multiply(b, 0x02) ^ Multiply(c, 0x03) ^ Multiply(d, 0x01);
C:\Users\Shinhanbum\Desktop\mul_of_8_key_recovery\CipherToolsL\..\Lib_Source\mul_of_8_key_recovery.c(102,13): message :       |             ^~~~~~~~
C:\Users\Shinhanbum\Desktop\mul_of_8_key_recovery\CipherToolsL\..\Lib_Source\mul_of_8_key_recovery.c(85,7): warning : conversion from ‘int’ to ‘uint8_t’ {aka ‘unsigned char’} may change value [-Wconversion]
C:\Users\Shinhanbum\Desktop\mul_of_8_key_recovery\CipherToolsL\..\Lib_Source\mul_of_8_key_recovery.c(85,7): warning :    85 |       (  ((y & 1) * x) ^                              \
C:\Users\Shinhanbum\Desktop\mul_of_8_key_recovery\CipherToolsL\..\Lib_Source\mul_of_8_key_recovery.c(85,7): warning :       |       ^
C:\Users\Shinhanbum\Desktop\mul_of_8_key_recovery\CipherToolsL\..\Lib_Source\mul_of_8_key_recovery.c(103,13): message : in expansion of macro ‘Multiply’
C:\Users\Shinhanbum\Desktop\mul_of_8_key_recovery\CipherToolsL\..\Lib_Source\mul_of_8_key_recovery.c(103,13): message :   103 |  state[2] = Multiply(a, 0x01) ^ Multiply(b, 0x01) ^ Multiply(c, 0x02) ^ Multiply(d, 0x03);
C:\Users\Shinhanbum\Desktop\mul_of_8_key_recovery\CipherToolsL\..\Lib_Source\mul_of_8_key_recovery.c(103,13): message :       |             ^~~~~~~~
C:\Users\Shinhanbum\Desktop\mul_of_8_key_recovery\CipherToolsL\..\Lib_Source\mul_of_8_key_recovery.c(85,7): warning : conversion from ‘int’ to ‘uint8_t’ {aka ‘unsigned char’} may change value [-Wconversion]
C:\Users\Shinhanbum\Desktop\mul_of_8_key_recovery\CipherToolsL\..\Lib_Source\mul_of_8_key_recovery.c(85,7): warning :    85 |       (  ((y & 1) * x) ^                              \
C:\Users\Shinhanbum\Desktop\mul_of_8_key_recovery\CipherToolsL\..\Lib_Source\mul_of_8_key_recovery.c(85,7): warning :       |       ^
C:\Users\Shinhanbum\Desktop\mul_of_8_key_recovery\CipherToolsL\..\Lib_Source\mul_of_8_key_recovery.c(104,13): message : in expansion of macro ‘Multiply’
C:\Users\Shinhanbum\Desktop\mul_of_8_key_recovery\CipherToolsL\..\Lib_Source\mul_of_8_key_recovery.c(104,13): message :   104 |  state[3] = Multiply(a, 0x03) ^ Multiply(b, 0x01) ^ Multiply(c, 0x01) ^ Multiply(d, 0x02);
C:\Users\Shinhanbum\Desktop\mul_of_8_key_recovery\CipherToolsL\..\Lib_Source\mul_of_8_key_recovery.c(104,13): message :       |             ^~~~~~~~
C:\Users\Shinhanbum\Desktop\mul_of_8_key_recovery\CipherToolsL\..\Lib_Source\mul_of_8_key_recovery.c(93,6): warning : unused variable ‘i’ [-Wunused-variable]
C:\Users\Shinhanbum\Desktop\mul_of_8_key_recovery\CipherToolsL\..\Lib_Source\mul_of_8_key_recovery.c(93,6): warning :    93 |  int i;
C:\Users\Shinhanbum\Desktop\mul_of_8_key_recovery\CipherToolsL\..\Lib_Source\mul_of_8_key_recovery.c(93,6): warning :       |      ^
C:\Users\Shinhanbum\Desktop\mul_of_8_key_recovery\CipherToolsL\..\Lib_Source\mul_of_8_key_recovery.c(136,8): warning : conversion from ‘time_t’ {aka ‘long int’} to ‘unsigned int’ may change value [-Wconversion]
C:\Users\Shinhanbum\Desktop\mul_of_8_key_recovery\CipherToolsL\..\Lib_Source\mul_of_8_key_recovery.c(136,8): warning :   136 |  srand(time(NULL));
C:\Users\Shinhanbum\Desktop\mul_of_8_key_recovery\CipherToolsL\..\Lib_Source\mul_of_8_key_recovery.c(136,8): warning :       |        ^~~~~~~~~~
C:\Users\Shinhanbum\Desktop\mul_of_8_key_recovery\CipherToolsL\..\Lib_Source\mul_of_8_key_recovery.c(156,58): warning : conversion to ‘long unsigned int’ from ‘int’ may change the sign of the result [-Wsign-conversion]
C:\Users\Shinhanbum\Desktop\mul_of_8_key_recovery\CipherToolsL\..\Lib_Source\mul_of_8_key_recovery.c(156,58): warning :   156 |   dat_tab[dat_idx].pt = (uint8_t*)malloc(sizeof(uint8_t) * num_active_sboxes_in);
C:\Users\Shinhanbum\Desktop\mul_of_8_key_recovery\CipherToolsL\..\Lib_Source\mul_of_8_key_recovery.c(156,58): warning :       |                                                          ^
C:\Users\Shinhanbum\Desktop\mul_of_8_key_recovery\CipherToolsL\..\Lib_Source\mul_of_8_key_recovery.c(157,53): warning : conversion to ‘long unsigned int’ from ‘int’ may change the sign of the result [-Wsign-conversion]
C:\Users\Shinhanbum\Desktop\mul_of_8_key_recovery\CipherToolsL\..\Lib_Source\mul_of_8_key_recovery.c(157,53): warning :   157 |   memcpy(dat_tab[dat_idx].pt, &dat, sizeof(uint8_t) * num_active_sboxes_in);
C:\Users\Shinhanbum\Desktop\mul_of_8_key_recovery\CipherToolsL\..\Lib_Source\mul_of_8_key_recovery.c(157,53): warning :       |                                                     ^
C:\Users\Shinhanbum\Desktop\mul_of_8_key_recovery\CipherToolsL\..\Lib_Source\mul_of_8_key_recovery.c(114,20): warning : unused variable ‘a’ [-Wunused-variable]
C:\Users\Shinhanbum\Desktop\mul_of_8_key_recovery\CipherToolsL\..\Lib_Source\mul_of_8_key_recovery.c(114,20): warning :   114 |  uint64_t dat = 0, a, cnt;
C:\Users\Shinhanbum\Desktop\mul_of_8_key_recovery\CipherToolsL\..\Lib_Source\mul_of_8_key_recovery.c(114,20): warning :       |                    ^
C:\Users\Shinhanbum\Desktop\mul_of_8_key_recovery\CipherToolsL\..\Lib_Source\mul_of_8_key_recovery.c(522,8): warning : conversion from ‘time_t’ {aka ‘long int’} to ‘unsigned int’ may change value [-Wconversion]
C:\Users\Shinhanbum\Desktop\mul_of_8_key_recovery\CipherToolsL\..\Lib_Source\mul_of_8_key_recovery.c(522,8): warning :   522 |  srand(time(NULL));
C:\Users\Shinhanbum\Desktop\mul_of_8_key_recovery\CipherToolsL\..\Lib_Source\mul_of_8_key_recovery.c(522,8): warning :       |        ^~~~~~~~~~
C:\Users\Shinhanbum\Desktop\mul_of_8_key_recovery\CipherToolsL\..\Lib_Source\mul_of_8_key_recovery.c(542,58): warning : conversion to ‘long unsigned int’ from ‘int’ may change the sign of the result [-Wsign-conversion]
C:\Users\Shinhanbum\Desktop\mul_of_8_key_recovery\CipherToolsL\..\Lib_Source\mul_of_8_key_recovery.c(542,58): warning :   542 |   dat_tab[dat_idx].pt = (uint8_t*)malloc(sizeof(uint8_t) * num_active_sboxes_in);
C:\Users\Shinhanbum\Desktop\mul_of_8_key_recovery\CipherToolsL\..\Lib_Source\mul_of_8_key_recovery.c(542,58): warning :       |                                                          ^
C:\Users\Shinhanbum\Desktop\mul_of_8_key_recovery\CipherToolsL\..\Lib_Source\mul_of_8_key_recovery.c(543,53): warning : conversion to ‘long unsigned int’ from ‘int’ may change the sign of the result [-Wsign-conversion]
C:\Users\Shinhanbum\Desktop\mul_of_8_key_recovery\CipherToolsL\..\Lib_Source\mul_of_8_key_recovery.c(543,53): warning :   543 |   memcpy(dat_tab[dat_idx].pt, &dat, sizeof(uint8_t) * num_active_sboxes_in);
C:\Users\Shinhanbum\Desktop\mul_of_8_key_recovery\CipherToolsL\..\Lib_Source\mul_of_8_key_recovery.c(543,53): warning :       |                                                     ^
C:\Users\Shinhanbum\Desktop\mul_of_8_key_recovery\CipherToolsL\..\Lib_Source\mul_of_8_key_recovery.c(502,6): warning : unused variable ‘i’ [-Wunused-variable]
C:\Users\Shinhanbum\Desktop\mul_of_8_key_recovery\CipherToolsL\..\Lib_Source\mul_of_8_key_recovery.c(502,6): warning :   502 |  int i;
C:\Users\Shinhanbum\Desktop\mul_of_8_key_recovery\CipherToolsL\..\Lib_Source\mul_of_8_key_recovery.c(502,6): warning :       |      ^
C:\Users\Shinhanbum\Desktop\mul_of_8_key_recovery\CipherToolsL\..\Lib_Source\mul_of_8_key_recovery.c(500,20): warning : unused variable ‘a’ [-Wunused-variable]
C:\Users\Shinhanbum\Desktop\mul_of_8_key_recovery\CipherToolsL\..\Lib_Source\mul_of_8_key_recovery.c(500,20): warning :   500 |  uint64_t dat = 0, a, cnt;
C:\Users\Shinhanbum\Desktop\mul_of_8_key_recovery\CipherToolsL\..\Lib_Source\mul_of_8_key_recovery.c(500,20): warning :       |                    ^
C:\Users\Shinhanbum\Desktop\mul_of_8_key_recovery\CipherToolsL\..\Lib_Source\mul_of_8_key_recovery.c(750,8): warning : conversion from ‘time_t’ {aka ‘long int’} to ‘unsigned int’ may change value [-Wconversion]
C:\Users\Shinhanbum\Desktop\mul_of_8_key_recovery\CipherToolsL\..\Lib_Source\mul_of_8_key_recovery.c(750,8): warning :   750 |  srand(time(NULL));
C:\Users\Shinhanbum\Desktop\mul_of_8_key_recovery\CipherToolsL\..\Lib_Source\mul_of_8_key_recovery.c(750,8): warning :       |        ^~~~~~~~~~
C:\Users\Shinhanbum\Desktop\mul_of_8_key_recovery\CipherToolsL\..\Lib_Source\mul_of_8_key_recovery.c(770,58): warning : conversion to ‘long unsigned int’ from ‘int’ may change the sign of the result [-Wsign-conversion]
C:\Users\Shinhanbum\Desktop\mul_of_8_key_recovery\CipherToolsL\..\Lib_Source\mul_of_8_key_recovery.c(770,58): warning :   770 |   dat_tab[dat_idx].pt = (uint8_t*)malloc(sizeof(uint8_t) * num_active_sboxes_in);
C:\Users\Shinhanbum\Desktop\mul_of_8_key_recovery\CipherToolsL\..\Lib_Source\mul_of_8_key_recovery.c(770,58): warning :       |                                                          ^
C:\Users\Shinhanbum\Desktop\mul_of_8_key_recovery\CipherToolsL\..\Lib_Source\mul_of_8_key_recovery.c(771,57): warning : conversion to ‘long unsigned int’ from ‘int’ may change the sign of the result [-Wsign-conversion]
C:\Users\Shinhanbum\Desktop\mul_of_8_key_recovery\CipherToolsL\..\Lib_Source\mul_of_8_key_recovery.c(771,57): warning :   771 |   memcpy(dat_tab[dat_idx].pt, &dat_idx, sizeof(uint8_t) * num_active_sboxes_in);
C:\Users\Shinhanbum\Desktop\mul_of_8_key_recovery\CipherToolsL\..\Lib_Source\mul_of_8_key_recovery.c(771,57): warning :       |                                                         ^
C:\Users\Shinhanbum\Desktop\mul_of_8_key_recovery\CipherToolsL\..\Lib_Source\mul_of_8_key_recovery.c(807,15): warning : conversion from ‘uint64_t’ {aka ‘long unsigned int’} to ‘uint8_t’ {aka ‘unsigned char’} may change value [-Wconversion]
C:\Users\Shinhanbum\Desktop\mul_of_8_key_recovery\CipherToolsL\..\Lib_Source\mul_of_8_key_recovery.c(807,15): warning :   807 |       temp1 = dat_tab[pair_idx[0] - 1].pt[i] ^ key_can;
C:\Users\Shinhanbum\Desktop\mul_of_8_key_recovery\CipherToolsL\..\Lib_Source\mul_of_8_key_recovery.c(807,15): warning :       |               ^~~~~~~
C:\Users\Shinhanbum\Desktop\mul_of_8_key_recovery\CipherToolsL\..\Lib_Source\mul_of_8_key_recovery.c(808,15): warning : conversion from ‘uint64_t’ {aka ‘long unsigned int’} to ‘uint8_t’ {aka ‘unsigned char’} may change value [-Wconversion]
C:\Users\Shinhanbum\Desktop\mul_of_8_key_recovery\CipherToolsL\..\Lib_Source\mul_of_8_key_recovery.c(808,15): warning :   808 |       temp2 = dat_tab[pair_idx[0]].pt[i] ^ key_can;
C:\Users\Shinhanbum\Desktop\mul_of_8_key_recovery\CipherToolsL\..\Lib_Source\mul_of_8_key_recovery.c(808,15): warning :       |               ^~~~~~~
C:\Users\Shinhanbum\Desktop\mul_of_8_key_recovery\CipherToolsL\..\Lib_Source\mul_of_8_key_recovery.c(811,15): warning : conversion from ‘uint64_t’ {aka ‘long unsigned int’} to ‘uint8_t’ {aka ‘unsigned char’} may change value [-Wconversion]
C:\Users\Shinhanbum\Desktop\mul_of_8_key_recovery\CipherToolsL\..\Lib_Source\mul_of_8_key_recovery.c(811,15): warning :   811 |       temp3 = dat_tab[pair_idx[1] - 1].pt[i] ^ key_can;
C:\Users\Shinhanbum\Desktop\mul_of_8_key_recovery\CipherToolsL\..\Lib_Source\mul_of_8_key_recovery.c(811,15): warning :       |               ^~~~~~~
C:\Users\Shinhanbum\Desktop\mul_of_8_key_recovery\CipherToolsL\..\Lib_Source\mul_of_8_key_recovery.c(812,15): warning : conversion from ‘uint64_t’ {aka ‘long unsigned int’} to ‘uint8_t’ {aka ‘unsigned char’} may change value [-Wconversion]
C:\Users\Shinhanbum\Desktop\mul_of_8_key_recovery\CipherToolsL\..\Lib_Source\mul_of_8_key_recovery.c(812,15): warning :   812 |       temp4 = dat_tab[pair_idx[1]].pt[i] ^ key_can;
C:\Users\Shinhanbum\Desktop\mul_of_8_key_recovery\CipherToolsL\..\Lib_Source\mul_of_8_key_recovery.c(812,15): warning :       |               ^~~~~~~
C:\Users\Shinhanbum\Desktop\mul_of_8_key_recovery\CipherToolsL\..\Lib_Source\mul_of_8_key_recovery.c(872,15): warning : conversion from ‘uint64_t’ {aka ‘long unsigned int’} to ‘uint8_t’ {aka ‘unsigned char’} may change value [-Wconversion]
C:\Users\Shinhanbum\Desktop\mul_of_8_key_recovery\CipherToolsL\..\Lib_Source\mul_of_8_key_recovery.c(872,15): warning :   872 |       temp1 = dat_tab[pair_idx[0] - 1].pt[i] ^ key_can;
C:\Users\Shinhanbum\Desktop\mul_of_8_key_recovery\CipherToolsL\..\Lib_Source\mul_of_8_key_recovery.c(872,15): warning :       |               ^~~~~~~
C:\Users\Shinhanbum\Desktop\mul_of_8_key_recovery\CipherToolsL\..\Lib_Source\mul_of_8_key_recovery.c(873,15): warning : conversion from ‘uint64_t’ {aka ‘long unsigned int’} to ‘uint8_t’ {aka ‘unsigned char’} may change value [-Wconversion]
C:\Users\Shinhanbum\Desktop\mul_of_8_key_recovery\CipherToolsL\..\Lib_Source\mul_of_8_key_recovery.c(873,15): warning :   873 |       temp2 = dat_tab[pair_idx[0]].pt[i] ^ key_can;
C:\Users\Shinhanbum\Desktop\mul_of_8_key_recovery\CipherToolsL\..\Lib_Source\mul_of_8_key_recovery.c(873,15): warning :       |               ^~~~~~~
C:\Users\Shinhanbum\Desktop\mul_of_8_key_recovery\CipherToolsL\..\Lib_Source\mul_of_8_key_recovery.c(876,15): warning : conversion from ‘uint64_t’ {aka ‘long unsigned int’} to ‘uint8_t’ {aka ‘unsigned char’} may change value [-Wconversion]
C:\Users\Shinhanbum\Desktop\mul_of_8_key_recovery\CipherToolsL\..\Lib_Source\mul_of_8_key_recovery.c(876,15): warning :   876 |       temp3 = dat_tab[pair_idx[1] - 1].pt[i] ^ key_can;
C:\Users\Shinhanbum\Desktop\mul_of_8_key_recovery\CipherToolsL\..\Lib_Source\mul_of_8_key_recovery.c(876,15): warning :       |               ^~~~~~~
C:\Users\Shinhanbum\Desktop\mul_of_8_key_recovery\CipherToolsL\..\Lib_Source\mul_of_8_key_recovery.c(877,15): warning : conversion from ‘uint64_t’ {aka ‘long unsigned int’} to ‘uint8_t’ {aka ‘unsigned char’} may change value [-Wconversion]
C:\Users\Shinhanbum\Desktop\mul_of_8_key_recovery\CipherToolsL\..\Lib_Source\mul_of_8_key_recovery.c(877,15): warning :   877 |       temp4 = dat_tab[pair_idx[1]].pt[i] ^ key_can;
C:\Users\Shinhanbum\Desktop\mul_of_8_key_recovery\CipherToolsL\..\Lib_Source\mul_of_8_key_recovery.c(877,15): warning :       |               ^~~~~~~
C:\Users\Shinhanbum\Desktop\mul_of_8_key_recovery\CipherToolsL\..\Lib_Source\mul_of_8_key_recovery.c(937,15): warning : conversion from ‘uint64_t’ {aka ‘long unsigned int’} to ‘uint8_t’ {aka ‘unsigned char’} may change value [-Wconversion]
C:\Users\Shinhanbum\Desktop\mul_of_8_key_recovery\CipherToolsL\..\Lib_Source\mul_of_8_key_recovery.c(937,15): warning :   937 |       temp1 = dat_tab[pair_idx[0] - 1].pt[i] ^ key_can;
C:\Users\Shinhanbum\Desktop\mul_of_8_key_recovery\CipherToolsL\..\Lib_Source\mul_of_8_key_recovery.c(937,15): warning :       |               ^~~~~~~
C:\Users\Shinhanbum\Desktop\mul_of_8_key_recovery\CipherToolsL\..\Lib_Source\mul_of_8_key_recovery.c(938,15): warning : conversion from ‘uint64_t’ {aka ‘long unsigned int’} to ‘uint8_t’ {aka ‘unsigned char’} may change value [-Wconversion]
C:\Users\Shinhanbum\Desktop\mul_of_8_key_recovery\CipherToolsL\..\Lib_Source\mul_of_8_key_recovery.c(938,15): warning :   938 |       temp2 = dat_tab[pair_idx[0]].pt[i] ^ key_can;
C:\Users\Shinhanbum\Desktop\mul_of_8_key_recovery\CipherToolsL\..\Lib_Source\mul_of_8_key_recovery.c(938,15): warning :       |               ^~~~~~~
C:\Users\Shinhanbum\Desktop\mul_of_8_key_recovery\CipherToolsL\..\Lib_Source\mul_of_8_key_recovery.c(941,15): warning : conversion from ‘uint64_t’ {aka ‘long unsigned int’} to ‘uint8_t’ {aka ‘unsigned char’} may change value [-Wconversion]
C:\Users\Shinhanbum\Desktop\mul_of_8_key_recovery\CipherToolsL\..\Lib_Source\mul_of_8_key_recovery.c(941,15): warning :   941 |       temp3 = dat_tab[pair_idx[1] - 1].pt[i] ^ key_can;
C:\Users\Shinhanbum\Desktop\mul_of_8_key_recovery\CipherToolsL\..\Lib_Source\mul_of_8_key_recovery.c(941,15): warning :       |               ^~~~~~~
C:\Users\Shinhanbum\Desktop\mul_of_8_key_recovery\CipherToolsL\..\Lib_Source\mul_of_8_key_recovery.c(942,15): warning : conversion from ‘uint64_t’ {aka ‘long unsigned int’} to ‘uint8_t’ {aka ‘unsigned char’} may change value [-Wconversion]
C:\Users\Shinhanbum\Desktop\mul_of_8_key_recovery\CipherToolsL\..\Lib_Source\mul_of_8_key_recovery.c(942,15): warning :   942 |       temp4 = dat_tab[pair_idx[1]].pt[i] ^ key_can;
C:\Users\Shinhanbum\Desktop\mul_of_8_key_recovery\CipherToolsL\..\Lib_Source\mul_of_8_key_recovery.c(942,15): warning :       |               ^~~~~~~
C:\Users\Shinhanbum\Desktop\mul_of_8_key_recovery\CipherToolsL\..\Lib_Source\mul_of_8_key_recovery.c(1002,15): warning : conversion from ‘uint64_t’ {aka ‘long unsigned int’} to ‘uint8_t’ {aka ‘unsigned char’} may change value [-Wconversion]
C:\Users\Shinhanbum\Desktop\mul_of_8_key_recovery\CipherToolsL\..\Lib_Source\mul_of_8_key_recovery.c(1002,15): warning :  1002 |       temp1 = dat_tab[pair_idx[0] - 1].pt[i] ^ key_can;
C:\Users\Shinhanbum\Desktop\mul_of_8_key_recovery\CipherToolsL\..\Lib_Source\mul_of_8_key_recovery.c(1002,15): warning :       |               ^~~~~~~
C:\Users\Shinhanbum\Desktop\mul_of_8_key_recovery\CipherToolsL\..\Lib_Source\mul_of_8_key_recovery.c(1003,15): warning : conversion from ‘uint64_t’ {aka ‘long unsigned int’} to ‘uint8_t’ {aka ‘unsigned char’} may change value [-Wconversion]
C:\Users\Shinhanbum\Desktop\mul_of_8_key_recovery\CipherToolsL\..\Lib_Source\mul_of_8_key_recovery.c(1003,15): warning :  1003 |       temp2 = dat_tab[pair_idx[0]].pt[i] ^ key_can;
C:\Users\Shinhanbum\Desktop\mul_of_8_key_recovery\CipherToolsL\..\Lib_Source\mul_of_8_key_recovery.c(1003,15): warning :       |               ^~~~~~~
C:\Users\Shinhanbum\Desktop\mul_of_8_key_recovery\CipherToolsL\..\Lib_Source\mul_of_8_key_recovery.c(1006,15): warning : conversion from ‘uint64_t’ {aka ‘long unsigned int’} to ‘uint8_t’ {aka ‘unsigned char’} may change value [-Wconversion]
C:\Users\Shinhanbum\Desktop\mul_of_8_key_recovery\CipherToolsL\..\Lib_Source\mul_of_8_key_recovery.c(1006,15): warning :  1006 |       temp3 = dat_tab[pair_idx[1] - 1].pt[i] ^ key_can;
C:\Users\Shinhanbum\Desktop\mul_of_8_key_recovery\CipherToolsL\..\Lib_Source\mul_of_8_key_recovery.c(1006,15): warning :       |               ^~~~~~~
C:\Users\Shinhanbum\Desktop\mul_of_8_key_recovery\CipherToolsL\..\Lib_Source\mul_of_8_key_recovery.c(1007,15): warning : conversion from ‘uint64_t’ {aka ‘long unsigned int’} to ‘uint8_t’ {aka ‘unsigned char’} may change value [-Wconversion]
C:\Users\Shinhanbum\Desktop\mul_of_8_key_recovery\CipherToolsL\..\Lib_Source\mul_of_8_key_recovery.c(1007,15): warning :  1007 |       temp4 = dat_tab[pair_idx[1]].pt[i] ^ key_can;
C:\Users\Shinhanbum\Desktop\mul_of_8_key_recovery\CipherToolsL\..\Lib_Source\mul_of_8_key_recovery.c(1007,15): warning :       |               ^~~~~~~
C:\Users\Shinhanbum\Desktop\mul_of_8_key_recovery\CipherToolsL\..\Lib_Source\mul_of_8_key_recovery.c(1067,15): warning : conversion from ‘uint64_t’ {aka ‘long unsigned int’} to ‘uint8_t’ {aka ‘unsigned char’} may change value [-Wconversion]
C:\Users\Shinhanbum\Desktop\mul_of_8_key_recovery\CipherToolsL\..\Lib_Source\mul_of_8_key_recovery.c(1067,15): warning :  1067 |       temp1 = dat_tab[pair_idx[0] - 1].pt[i] ^ key_can;
C:\Users\Shinhanbum\Desktop\mul_of_8_key_recovery\CipherToolsL\..\Lib_Source\mul_of_8_key_recovery.c(1067,15): warning :       |               ^~~~~~~
C:\Users\Shinhanbum\Desktop\mul_of_8_key_recovery\CipherToolsL\..\Lib_Source\mul_of_8_key_recovery.c(1068,15): warning : conversion from ‘uint64_t’ {aka ‘long unsigned int’} to ‘uint8_t’ {aka ‘unsigned char’} may change value [-Wconversion]
C:\Users\Shinhanbum\Desktop\mul_of_8_key_recovery\CipherToolsL\..\Lib_Source\mul_of_8_key_recovery.c(1068,15): warning :  1068 |       temp2 = dat_tab[pair_idx[0]].pt[i] ^ key_can;
C:\Users\Shinhanbum\Desktop\mul_of_8_key_recovery\CipherToolsL\..\Lib_Source\mul_of_8_key_recovery.c(1068,15): warning :       |               ^~~~~~~
C:\Users\Shinhanbum\Desktop\mul_of_8_key_recovery\CipherToolsL\..\Lib_Source\mul_of_8_key_recovery.c(1071,15): warning : conversion from ‘uint64_t’ {aka ‘long unsigned int’} to ‘uint8_t’ {aka ‘unsigned char’} may change value [-Wconversion]
C:\Users\Shinhanbum\Desktop\mul_of_8_key_recovery\CipherToolsL\..\Lib_Source\mul_of_8_key_recovery.c(1071,15): warning :  1071 |       temp3 = dat_tab[pair_idx[1] - 1].pt[i] ^ key_can;
C:\Users\Shinhanbum\Desktop\mul_of_8_key_recovery\CipherToolsL\..\Lib_Source\mul_of_8_key_recovery.c(1071,15): warning :       |               ^~~~~~~
C:\Users\Shinhanbum\Desktop\mul_of_8_key_recovery\CipherToolsL\..\Lib_Source\mul_of_8_key_recovery.c(1072,15): warning : conversion from ‘uint64_t’ {aka ‘long unsigned int’} to ‘uint8_t’ {aka ‘unsigned char’} may change value [-Wconversion]
C:\Users\Shinhanbum\Desktop\mul_of_8_key_recovery\CipherToolsL\..\Lib_Source\mul_of_8_key_recovery.c(1072,15): warning :  1072 |       temp4 = dat_tab[pair_idx[1]].pt[i] ^ key_can;
C:\Users\Shinhanbum\Desktop\mul_of_8_key_recovery\CipherToolsL\..\Lib_Source\mul_of_8_key_recovery.c(1072,15): warning :       |               ^~~~~~~
C:\Users\Shinhanbum\Desktop\mul_of_8_key_recovery\CipherToolsL\..\Lib_Source\mul_of_8_key_recovery.c(1132,15): warning : conversion from ‘uint64_t’ {aka ‘long unsigned int’} to ‘uint8_t’ {aka ‘unsigned char’} may change value [-Wconversion]
C:\Users\Shinhanbum\Desktop\mul_of_8_key_recovery\CipherToolsL\..\Lib_Source\mul_of_8_key_recovery.c(1132,15): warning :  1132 |       temp1 = dat_tab[pair_idx[0] - 1].pt[i] ^ key_can;
C:\Users\Shinhanbum\Desktop\mul_of_8_key_recovery\CipherToolsL\..\Lib_Source\mul_of_8_key_recovery.c(1132,15): warning :       |               ^~~~~~~
C:\Users\Shinhanbum\Desktop\mul_of_8_key_recovery\CipherToolsL\..\Lib_Source\mul_of_8_key_recovery.c(1133,15): warning : conversion from ‘uint64_t’ {aka ‘long unsigned int’} to ‘uint8_t’ {aka ‘unsigned char’} may change value [-Wconversion]
C:\Users\Shinhanbum\Desktop\mul_of_8_key_recovery\CipherToolsL\..\Lib_Source\mul_of_8_key_recovery.c(1133,15): warning :  1133 |       temp2 = dat_tab[pair_idx[0]].pt[i] ^ key_can;
C:\Users\Shinhanbum\Desktop\mul_of_8_key_recovery\CipherToolsL\..\Lib_Source\mul_of_8_key_recovery.c(1133,15): warning :       |               ^~~~~~~
C:\Users\Shinhanbum\Desktop\mul_of_8_key_recovery\CipherToolsL\..\Lib_Source\mul_of_8_key_recovery.c(1136,15): warning : conversion from ‘uint64_t’ {aka ‘long unsigned int’} to ‘uint8_t’ {aka ‘unsigned char’} may change value [-Wconversion]
C:\Users\Shinhanbum\Desktop\mul_of_8_key_recovery\CipherToolsL\..\Lib_Source\mul_of_8_key_recovery.c(1136,15): warning :  1136 |       temp3 = dat_tab[pair_idx[1] - 1].pt[i] ^ key_can;
C:\Users\Shinhanbum\Desktop\mul_of_8_key_recovery\CipherToolsL\..\Lib_Source\mul_of_8_key_recovery.c(1136,15): warning :       |               ^~~~~~~
C:\Users\Shinhanbum\Desktop\mul_of_8_key_recovery\CipherToolsL\..\Lib_Source\mul_of_8_key_recovery.c(1137,15): warning : conversion from ‘uint64_t’ {aka ‘long unsigned int’} to ‘uint8_t’ {aka ‘unsigned char’} may change value [-Wconversion]
C:\Users\Shinhanbum\Desktop\mul_of_8_key_recovery\CipherToolsL\..\Lib_Source\mul_of_8_key_recovery.c(1137,15): warning :  1137 |       temp4 = dat_tab[pair_idx[1]].pt[i] ^ key_can;
C:\Users\Shinhanbum\Desktop\mul_of_8_key_recovery\CipherToolsL\..\Lib_Source\mul_of_8_key_recovery.c(1137,15): warning :       |               ^~~~~~~
C:\Users\Shinhanbum\Desktop\mul_of_8_key_recovery\CipherToolsL\..\Lib_Source\mul_of_8_key_recovery.c(729,11): warning : unused variable ‘found_pairs_num’ [-Wunused-variable]
C:\Users\Shinhanbum\Desktop\mul_of_8_key_recovery\CipherToolsL\..\Lib_Source\mul_of_8_key_recovery.c(729,11): warning :   729 |  uint64_t found_pairs_num = 0;
C:\Users\Shinhanbum\Desktop\mul_of_8_key_recovery\CipherToolsL\..\Lib_Source\mul_of_8_key_recovery.c(729,11): warning :       |           ^~~~~~~~~~~~~~~
C:\Users\Shinhanbum\Desktop\mul_of_8_key_recovery\CipherToolsL\..\Lib_Source\mul_of_8_key_recovery.c(724,38): warning : unused variable ‘cnt_idx’ [-Wunused-variable]
C:\Users\Shinhanbum\Desktop\mul_of_8_key_recovery\CipherToolsL\..\Lib_Source\mul_of_8_key_recovery.c(724,38): warning :   724 |  uint64_t dat = 0, a, cnt, pair_cnt, cnt_idx;
C:\Users\Shinhanbum\Desktop\mul_of_8_key_recovery\CipherToolsL\..\Lib_Source\mul_of_8_key_recovery.c(724,38): warning :       |                                      ^~~~~~~
C:\Users\Shinhanbum\Desktop\mul_of_8_key_recovery\CipherToolsL\..\Lib_Source\mul_of_8_key_recovery.c(724,23): warning : unused variable ‘cnt’ [-Wunused-variable]
C:\Users\Shinhanbum\Desktop\mul_of_8_key_recovery\CipherToolsL\..\Lib_Source\mul_of_8_key_recovery.c(724,23): warning :   724 |  uint64_t dat = 0, a, cnt, pair_cnt, cnt_idx;
C:\Users\Shinhanbum\Desktop\mul_of_8_key_recovery\CipherToolsL\..\Lib_Source\mul_of_8_key_recovery.c(724,23): warning :       |                       ^~~
C:\Users\Shinhanbum\Desktop\mul_of_8_key_recovery\CipherToolsL\..\Lib_Source\mul_of_8_key_recovery.c(724,20): warning : unused variable ‘a’ [-Wunused-variable]
C:\Users\Shinhanbum\Desktop\mul_of_8_key_recovery\CipherToolsL\..\Lib_Source\mul_of_8_key_recovery.c(724,20): warning :   724 |  uint64_t dat = 0, a, cnt, pair_cnt, cnt_idx;
C:\Users\Shinhanbum\Desktop\mul_of_8_key_recovery\CipherToolsL\..\Lib_Source\mul_of_8_key_recovery.c(724,20): warning :       |                    ^
C:\Users\Shinhanbum\Desktop\mul_of_8_key_recovery\CipherToolsL\..\Lib_Source\mul_of_8_key_recovery.c(724,11): warning : unused variable ‘dat’ [-Wunused-variable]
C:\Users\Shinhanbum\Desktop\mul_of_8_key_recovery\CipherToolsL\..\Lib_Source\mul_of_8_key_recovery.c(724,11): warning :   724 |  uint64_t dat = 0, a, cnt, pair_cnt, cnt_idx;
C:\Users\Shinhanbum\Desktop\mul_of_8_key_recovery\CipherToolsL\..\Lib_Source\mul_of_8_key_recovery.c(724,11): warning :       |           ^~~
C:\Users\Shinhanbum\Desktop\mul_of_8_key_recovery\CipherToolsL\..\Lib_Source\mul_of_8_key_recovery.c(1214,8): warning : conversion from ‘time_t’ {aka ‘long int’} to ‘unsigned int’ may change value [-Wconversion]
C:\Users\Shinhanbum\Desktop\mul_of_8_key_recovery\CipherToolsL\..\Lib_Source\mul_of_8_key_recovery.c(1214,8): warning :  1214 |  srand(time(NULL));
C:\Users\Shinhanbum\Desktop\mul_of_8_key_recovery\CipherToolsL\..\Lib_Source\mul_of_8_key_recovery.c(1214,8): warning :       |        ^~~~~~~~~~
C:\Users\Shinhanbum\Desktop\mul_of_8_key_recovery\CipherToolsL\..\Lib_Source\mul_of_8_key_recovery.c(1234,58): warning : conversion to ‘long unsigned int’ from ‘int’ may change the sign of the result [-Wsign-conversion]
C:\Users\Shinhanbum\Desktop\mul_of_8_key_recovery\CipherToolsL\..\Lib_Source\mul_of_8_key_recovery.c(1234,58): warning :  1234 |   dat_tab[dat_idx].pt = (uint8_t*)malloc(sizeof(uint8_t) * num_active_sboxes_in);
C:\Users\Shinhanbum\Desktop\mul_of_8_key_recovery\CipherToolsL\..\Lib_Source\mul_of_8_key_recovery.c(1234,58): warning :       |                                                          ^
C:\Users\Shinhanbum\Desktop\mul_of_8_key_recovery\CipherToolsL\..\Lib_Source\mul_of_8_key_recovery.c(1235,57): warning : conversion to ‘long unsigned int’ from ‘int’ may change the sign of the result [-Wsign-conversion]
C:\Users\Shinhanbum\Desktop\mul_of_8_key_recovery\CipherToolsL\..\Lib_Source\mul_of_8_key_recovery.c(1235,57): warning :  1235 |   memcpy(dat_tab[dat_idx].pt, &dat_idx, sizeof(uint8_t) * num_active_sboxes_in);
C:\Users\Shinhanbum\Desktop\mul_of_8_key_recovery\CipherToolsL\..\Lib_Source\mul_of_8_key_recovery.c(1235,57): warning :       |                                                         ^
C:\Users\Shinhanbum\Desktop\mul_of_8_key_recovery\CipherToolsL\..\Lib_Source\mul_of_8_key_recovery.c(1271,15): warning : conversion from ‘uint64_t’ {aka ‘long unsigned int’} to ‘uint8_t’ {aka ‘unsigned char’} may change value [-Wconversion]
C:\Users\Shinhanbum\Desktop\mul_of_8_key_recovery\CipherToolsL\..\Lib_Source\mul_of_8_key_recovery.c(1271,15): warning :  1271 |       temp1 = dat_tab[pair_idx[0] - 1].pt[i] ^ key_can;
C:\Users\Shinhanbum\Desktop\mul_of_8_key_recovery\CipherToolsL\..\Lib_Source\mul_of_8_key_recovery.c(1271,15): warning :       |               ^~~~~~~
C:\Users\Shinhanbum\Desktop\mul_of_8_key_recovery\CipherToolsL\..\Lib_Source\mul_of_8_key_recovery.c(1272,15): warning : conversion from ‘uint64_t’ {aka ‘long unsigned int’} to ‘uint8_t’ {aka ‘unsigned char’} may change value [-Wconversion]
C:\Users\Shinhanbum\Desktop\mul_of_8_key_recovery\CipherToolsL\..\Lib_Source\mul_of_8_key_recovery.c(1272,15): warning :  1272 |       temp2 = dat_tab[pair_idx[0]].pt[i] ^ key_can;
C:\Users\Shinhanbum\Desktop\mul_of_8_key_recovery\CipherToolsL\..\Lib_Source\mul_of_8_key_recovery.c(1272,15): warning :       |               ^~~~~~~
C:\Users\Shinhanbum\Desktop\mul_of_8_key_recovery\CipherToolsL\..\Lib_Source\mul_of_8_key_recovery.c(1275,15): warning : conversion from ‘uint64_t’ {aka ‘long unsigned int’} to ‘uint8_t’ {aka ‘unsigned char’} may change value [-Wconversion]
C:\Users\Shinhanbum\Desktop\mul_of_8_key_recovery\CipherToolsL\..\Lib_Source\mul_of_8_key_recovery.c(1275,15): warning :  1275 |       temp3 = dat_tab[pair_idx[1] - 1].pt[i] ^ key_can;
C:\Users\Shinhanbum\Desktop\mul_of_8_key_recovery\CipherToolsL\..\Lib_Source\mul_of_8_key_recovery.c(1275,15): warning :       |               ^~~~~~~
C:\Users\Shinhanbum\Desktop\mul_of_8_key_recovery\CipherToolsL\..\Lib_Source\mul_of_8_key_recovery.c(1276,15): warning : conversion from ‘uint64_t’ {aka ‘long unsigned int’} to ‘uint8_t’ {aka ‘unsigned char’} may change value [-Wconversion]
C:\Users\Shinhanbum\Desktop\mul_of_8_key_recovery\CipherToolsL\..\Lib_Source\mul_of_8_key_recovery.c(1276,15): warning :  1276 |       temp4 = dat_tab[pair_idx[1]].pt[i] ^ key_can;
C:\Users\Shinhanbum\Desktop\mul_of_8_key_recovery\CipherToolsL\..\Lib_Source\mul_of_8_key_recovery.c(1276,15): warning :       |               ^~~~~~~
C:\Users\Shinhanbum\Desktop\mul_of_8_key_recovery\CipherToolsL\..\Lib_Source\mul_of_8_key_recovery.c(1336,15): warning : conversion from ‘uint64_t’ {aka ‘long unsigned int’} to ‘uint8_t’ {aka ‘unsigned char’} may change value [-Wconversion]
C:\Users\Shinhanbum\Desktop\mul_of_8_key_recovery\CipherToolsL\..\Lib_Source\mul_of_8_key_recovery.c(1336,15): warning :  1336 |       temp1 = dat_tab[pair_idx[0] - 1].pt[i] ^ key_can;
C:\Users\Shinhanbum\Desktop\mul_of_8_key_recovery\CipherToolsL\..\Lib_Source\mul_of_8_key_recovery.c(1336,15): warning :       |               ^~~~~~~
C:\Users\Shinhanbum\Desktop\mul_of_8_key_recovery\CipherToolsL\..\Lib_Source\mul_of_8_key_recovery.c(1337,15): warning : conversion from ‘uint64_t’ {aka ‘long unsigned int’} to ‘uint8_t’ {aka ‘unsigned char’} may change value [-Wconversion]
C:\Users\Shinhanbum\Desktop\mul_of_8_key_recovery\CipherToolsL\..\Lib_Source\mul_of_8_key_recovery.c(1337,15): warning :  1337 |       temp2 = dat_tab[pair_idx[0]].pt[i] ^ key_can;
C:\Users\Shinhanbum\Desktop\mul_of_8_key_recovery\CipherToolsL\..\Lib_Source\mul_of_8_key_recovery.c(1337,15): warning :       |               ^~~~~~~
C:\Users\Shinhanbum\Desktop\mul_of_8_key_recovery\CipherToolsL\..\Lib_Source\mul_of_8_key_recovery.c(1340,15): warning : conversion from ‘uint64_t’ {aka ‘long unsigned int’} to ‘uint8_t’ {aka ‘unsigned char’} may change value [-Wconversion]
C:\Users\Shinhanbum\Desktop\mul_of_8_key_recovery\CipherToolsL\..\Lib_Source\mul_of_8_key_recovery.c(1340,15): warning :  1340 |       temp3 = dat_tab[pair_idx[1] - 1].pt[i] ^ key_can;
C:\Users\Shinhanbum\Desktop\mul_of_8_key_recovery\CipherToolsL\..\Lib_Source\mul_of_8_key_recovery.c(1340,15): warning :       |               ^~~~~~~
C:\Users\Shinhanbum\Desktop\mul_of_8_key_recovery\CipherToolsL\..\Lib_Source\mul_of_8_key_recovery.c(1341,15): warning : conversion from ‘uint64_t’ {aka ‘long unsigned int’} to ‘uint8_t’ {aka ‘unsigned char’} may change value [-Wconversion]
C:\Users\Shinhanbum\Desktop\mul_of_8_key_recovery\CipherToolsL\..\Lib_Source\mul_of_8_key_recovery.c(1341,15): warning :  1341 |       temp4 = dat_tab[pair_idx[1]].pt[i] ^ key_can;
C:\Users\Shinhanbum\Desktop\mul_of_8_key_recovery\CipherToolsL\..\Lib_Source\mul_of_8_key_recovery.c(1341,15): warning :       |               ^~~~~~~
C:\Users\Shinhanbum\Desktop\mul_of_8_key_recovery\CipherToolsL\..\Lib_Source\mul_of_8_key_recovery.c(1401,15): warning : conversion from ‘uint64_t’ {aka ‘long unsigned int’} to ‘uint8_t’ {aka ‘unsigned char’} may change value [-Wconversion]
C:\Users\Shinhanbum\Desktop\mul_of_8_key_recovery\CipherToolsL\..\Lib_Source\mul_of_8_key_recovery.c(1401,15): warning :  1401 |       temp1 = dat_tab[pair_idx[0] - 1].pt[i] ^ key_can;
C:\Users\Shinhanbum\Desktop\mul_of_8_key_recovery\CipherToolsL\..\Lib_Source\mul_of_8_key_recovery.c(1401,15): warning :       |               ^~~~~~~
C:\Users\Shinhanbum\Desktop\mul_of_8_key_recovery\CipherToolsL\..\Lib_Source\mul_of_8_key_recovery.c(1402,15): warning : conversion from ‘uint64_t’ {aka ‘long unsigned int’} to ‘uint8_t’ {aka ‘unsigned char’} may change value [-Wconversion]
C:\Users\Shinhanbum\Desktop\mul_of_8_key_recovery\CipherToolsL\..\Lib_Source\mul_of_8_key_recovery.c(1402,15): warning :  1402 |       temp2 = dat_tab[pair_idx[0]].pt[i] ^ key_can;
C:\Users\Shinhanbum\Desktop\mul_of_8_key_recovery\CipherToolsL\..\Lib_Source\mul_of_8_key_recovery.c(1402,15): warning :       |               ^~~~~~~
C:\Users\Shinhanbum\Desktop\mul_of_8_key_recovery\CipherToolsL\..\Lib_Source\mul_of_8_key_recovery.c(1405,15): warning : conversion from ‘uint64_t’ {aka ‘long unsigned int’} to ‘uint8_t’ {aka ‘unsigned char’} may change value [-Wconversion]
C:\Users\Shinhanbum\Desktop\mul_of_8_key_recovery\CipherToolsL\..\Lib_Source\mul_of_8_key_recovery.c(1405,15): warning :  1405 |       temp3 = dat_tab[pair_idx[1] - 1].pt[i] ^ key_can;
C:\Users\Shinhanbum\Desktop\mul_of_8_key_recovery\CipherToolsL\..\Lib_Source\mul_of_8_key_recovery.c(1405,15): warning :       |               ^~~~~~~
C:\Users\Shinhanbum\Desktop\mul_of_8_key_recovery\CipherToolsL\..\Lib_Source\mul_of_8_key_recovery.c(1406,15): warning : conversion from ‘uint64_t’ {aka ‘long unsigned int’} to ‘uint8_t’ {aka ‘unsigned char’} may change value [-Wconversion]
C:\Users\Shinhanbum\Desktop\mul_of_8_key_recovery\CipherToolsL\..\Lib_Source\mul_of_8_key_recovery.c(1406,15): warning :  1406 |       temp4 = dat_tab[pair_idx[1]].pt[i] ^ key_can;
C:\Users\Shinhanbum\Desktop\mul_of_8_key_recovery\CipherToolsL\..\Lib_Source\mul_of_8_key_recovery.c(1406,15): warning :       |               ^~~~~~~
C:\Users\Shinhanbum\Desktop\mul_of_8_key_recovery\CipherToolsL\..\Lib_Source\mul_of_8_key_recovery.c(1466,15): warning : conversion from ‘uint64_t’ {aka ‘long unsigned int’} to ‘uint8_t’ {aka ‘unsigned char’} may change value [-Wconversion]
C:\Users\Shinhanbum\Desktop\mul_of_8_key_recovery\CipherToolsL\..\Lib_Source\mul_of_8_key_recovery.c(1466,15): warning :  1466 |       temp1 = dat_tab[pair_idx[0] - 1].pt[i] ^ key_can;
C:\Users\Shinhanbum\Desktop\mul_of_8_key_recovery\CipherToolsL\..\Lib_Source\mul_of_8_key_recovery.c(1466,15): warning :       |               ^~~~~~~
C:\Users\Shinhanbum\Desktop\mul_of_8_key_recovery\CipherToolsL\..\Lib_Source\mul_of_8_key_recovery.c(1467,15): warning : conversion from ‘uint64_t’ {aka ‘long unsigned int’} to ‘uint8_t’ {aka ‘unsigned char’} may change value [-Wconversion]
C:\Users\Shinhanbum\Desktop\mul_of_8_key_recovery\CipherToolsL\..\Lib_Source\mul_of_8_key_recovery.c(1467,15): warning :  1467 |       temp2 = dat_tab[pair_idx[0]].pt[i] ^ key_can;
C:\Users\Shinhanbum\Desktop\mul_of_8_key_recovery\CipherToolsL\..\Lib_Source\mul_of_8_key_recovery.c(1467,15): warning :       |               ^~~~~~~
C:\Users\Shinhanbum\Desktop\mul_of_8_key_recovery\CipherToolsL\..\Lib_Source\mul_of_8_key_recovery.c(1470,15): warning : conversion from ‘uint64_t’ {aka ‘long unsigned int’} to ‘uint8_t’ {aka ‘unsigned char’} may change value [-Wconversion]
C:\Users\Shinhanbum\Desktop\mul_of_8_key_recovery\CipherToolsL\..\Lib_Source\mul_of_8_key_recovery.c(1470,15): warning :  1470 |       temp3 = dat_tab[pair_idx[1] - 1].pt[i] ^ key_can;
C:\Users\Shinhanbum\Desktop\mul_of_8_key_recovery\CipherToolsL\..\Lib_Source\mul_of_8_key_recovery.c(1470,15): warning :       |               ^~~~~~~
C:\Users\Shinhanbum\Desktop\mul_of_8_key_recovery\CipherToolsL\..\Lib_Source\mul_of_8_key_recovery.c(1471,15): warning : conversion from ‘uint64_t’ {aka ‘long unsigned int’} to ‘uint8_t’ {aka ‘unsigned char’} may change value [-Wconversion]
C:\Users\Shinhanbum\Desktop\mul_of_8_key_recovery\CipherToolsL\..\Lib_Source\mul_of_8_key_recovery.c(1471,15): warning :  1471 |       temp4 = dat_tab[pair_idx[1]].pt[i] ^ key_can;
C:\Users\Shinhanbum\Desktop\mul_of_8_key_recovery\CipherToolsL\..\Lib_Source\mul_of_8_key_recovery.c(1471,15): warning :       |               ^~~~~~~
C:\Users\Shinhanbum\Desktop\mul_of_8_key_recovery\CipherToolsL\..\Lib_Source\mul_of_8_key_recovery.c(1531,15): warning : conversion from ‘uint64_t’ {aka ‘long unsigned int’} to ‘uint8_t’ {aka ‘unsigned char’} may change value [-Wconversion]
C:\Users\Shinhanbum\Desktop\mul_of_8_key_recovery\CipherToolsL\..\Lib_Source\mul_of_8_key_recovery.c(1531,15): warning :  1531 |       temp1 = dat_tab[pair_idx[0] - 1].pt[i] ^ key_can;
C:\Users\Shinhanbum\Desktop\mul_of_8_key_recovery\CipherToolsL\..\Lib_Source\mul_of_8_key_recovery.c(1531,15): warning :       |               ^~~~~~~
C:\Users\Shinhanbum\Desktop\mul_of_8_key_recovery\CipherToolsL\..\Lib_Source\mul_of_8_key_recovery.c(1532,15): warning : conversion from ‘uint64_t’ {aka ‘long unsigned int’} to ‘uint8_t’ {aka ‘unsigned char’} may change value [-Wconversion]
C:\Users\Shinhanbum\Desktop\mul_of_8_key_recovery\CipherToolsL\..\Lib_Source\mul_of_8_key_recovery.c(1532,15): warning :  1532 |       temp2 = dat_tab[pair_idx[0]].pt[i] ^ key_can;
C:\Users\Shinhanbum\Desktop\mul_of_8_key_recovery\CipherToolsL\..\Lib_Source\mul_of_8_key_recovery.c(1532,15): warning :       |               ^~~~~~~
C:\Users\Shinhanbum\Desktop\mul_of_8_key_recovery\CipherToolsL\..\Lib_Source\mul_of_8_key_recovery.c(1535,15): warning : conversion from ‘uint64_t’ {aka ‘long unsigned int’} to ‘uint8_t’ {aka ‘unsigned char’} may change value [-Wconversion]
C:\Users\Shinhanbum\Desktop\mul_of_8_key_recovery\CipherToolsL\..\Lib_Source\mul_of_8_key_recovery.c(1535,15): warning :  1535 |       temp3 = dat_tab[pair_idx[1] - 1].pt[i] ^ key_can;
C:\Users\Shinhanbum\Desktop\mul_of_8_key_recovery\CipherToolsL\..\Lib_Source\mul_of_8_key_recovery.c(1535,15): warning :       |               ^~~~~~~
C:\Users\Shinhanbum\Desktop\mul_of_8_key_recovery\CipherToolsL\..\Lib_Source\mul_of_8_key_recovery.c(1536,15): warning : conversion from ‘uint64_t’ {aka ‘long unsigned int’} to ‘uint8_t’ {aka ‘unsigned char’} may change value [-Wconversion]
C:\Users\Shinhanbum\Desktop\mul_of_8_key_recovery\CipherToolsL\..\Lib_Source\mul_of_8_key_recovery.c(1536,15): warning :  1536 |       temp4 = dat_tab[pair_idx[1]].pt[i] ^ key_can;
C:\Users\Shinhanbum\Desktop\mul_of_8_key_recovery\CipherToolsL\..\Lib_Source\mul_of_8_key_recovery.c(1536,15): warning :       |               ^~~~~~~
C:\Users\Shinhanbum\Desktop\mul_of_8_key_recovery\CipherToolsL\..\Lib_Source\mul_of_8_key_recovery.c(1596,15): warning : conversion from ‘uint64_t’ {aka ‘long unsigned int’} to ‘uint8_t’ {aka ‘unsigned char’} may change value [-Wconversion]
C:\Users\Shinhanbum\Desktop\mul_of_8_key_recovery\CipherToolsL\..\Lib_Source\mul_of_8_key_recovery.c(1596,15): warning :  1596 |       temp1 = dat_tab[pair_idx[0] - 1].pt[i] ^ key_can;
C:\Users\Shinhanbum\Desktop\mul_of_8_key_recovery\CipherToolsL\..\Lib_Source\mul_of_8_key_recovery.c(1596,15): warning :       |               ^~~~~~~
C:\Users\Shinhanbum\Desktop\mul_of_8_key_recovery\CipherToolsL\..\Lib_Source\mul_of_8_key_recovery.c(1597,15): warning : conversion from ‘uint64_t’ {aka ‘long unsigned int’} to ‘uint8_t’ {aka ‘unsigned char’} may change value [-Wconversion]
C:\Users\Shinhanbum\Desktop\mul_of_8_key_recovery\CipherToolsL\..\Lib_Source\mul_of_8_key_recovery.c(1597,15): warning :  1597 |       temp2 = dat_tab[pair_idx[0]].pt[i] ^ key_can;
C:\Users\Shinhanbum\Desktop\mul_of_8_key_recovery\CipherToolsL\..\Lib_Source\mul_of_8_key_recovery.c(1597,15): warning :       |               ^~~~~~~
C:\Users\Shinhanbum\Desktop\mul_of_8_key_recovery\CipherToolsL\..\Lib_Source\mul_of_8_key_recovery.c(1600,15): warning : conversion from ‘uint64_t’ {aka ‘long unsigned int’} to ‘uint8_t’ {aka ‘unsigned char’} may change value [-Wconversion]
C:\Users\Shinhanbum\Desktop\mul_of_8_key_recovery\CipherToolsL\..\Lib_Source\mul_of_8_key_recovery.c(1600,15): warning :  1600 |       temp3 = dat_tab[pair_idx[1] - 1].pt[i] ^ key_can;
C:\Users\Shinhanbum\Desktop\mul_of_8_key_recovery\CipherToolsL\..\Lib_Source\mul_of_8_key_recovery.c(1600,15): warning :       |               ^~~~~~~
C:\Users\Shinhanbum\Desktop\mul_of_8_key_recovery\CipherToolsL\..\Lib_Source\mul_of_8_key_recovery.c(1601,15): warning : conversion from ‘uint64_t’ {aka ‘long unsigned int’} to ‘uint8_t’ {aka ‘unsigned char’} may change value [-Wconversion]
C:\Users\Shinhanbum\Desktop\mul_of_8_key_recovery\CipherToolsL\..\Lib_Source\mul_of_8_key_recovery.c(1601,15): warning :  1601 |       temp4 = dat_tab[pair_idx[1]].pt[i] ^ key_can;
C:\Users\Shinhanbum\Desktop\mul_of_8_key_recovery\CipherToolsL\..\Lib_Source\mul_of_8_key_recovery.c(1601,15): warning :       |               ^~~~~~~
C:\Users\Shinhanbum\Desktop\mul_of_8_key_recovery\CipherToolsL\..\Lib_Source\mul_of_8_key_recovery.c(1193,11): warning : unused variable ‘found_pairs_num’ [-Wunused-variable]
C:\Users\Shinhanbum\Desktop\mul_of_8_key_recovery\CipherToolsL\..\Lib_Source\mul_of_8_key_recovery.c(1193,11): warning :  1193 |  uint64_t found_pairs_num = 0;
C:\Users\Shinhanbum\Desktop\mul_of_8_key_recovery\CipherToolsL\..\Lib_Source\mul_of_8_key_recovery.c(1193,11): warning :       |           ^~~~~~~~~~~~~~~
C:\Users\Shinhanbum\Desktop\mul_of_8_key_recovery\CipherToolsL\..\Lib_Source\mul_of_8_key_recovery.c(1188,38): warning : unused variable ‘cnt_idx’ [-Wunused-variable]
C:\Users\Shinhanbum\Desktop\mul_of_8_key_recovery\CipherToolsL\..\Lib_Source\mul_of_8_key_recovery.c(1188,38): warning :  1188 |  uint64_t dat = 0, a, cnt, pair_cnt, cnt_idx;
C:\Users\Shinhanbum\Desktop\mul_of_8_key_recovery\CipherToolsL\..\Lib_Source\mul_of_8_key_recovery.c(1188,38): warning :       |                                      ^~~~~~~
C:\Users\Shinhanbum\Desktop\mul_of_8_key_recovery\CipherToolsL\..\Lib_Source\mul_of_8_key_recovery.c(1188,23): warning : unused variable ‘cnt’ [-Wunused-variable]
C:\Users\Shinhanbum\Desktop\mul_of_8_key_recovery\CipherToolsL\..\Lib_Source\mul_of_8_key_recovery.c(1188,23): warning :  1188 |  uint64_t dat = 0, a, cnt, pair_cnt, cnt_idx;
C:\Users\Shinhanbum\Desktop\mul_of_8_key_recovery\CipherToolsL\..\Lib_Source\mul_of_8_key_recovery.c(1188,23): warning :       |                       ^~~
C:\Users\Shinhanbum\Desktop\mul_of_8_key_recovery\CipherToolsL\..\Lib_Source\mul_of_8_key_recovery.c(1188,20): warning : unused variable ‘a’ [-Wunused-variable]
C:\Users\Shinhanbum\Desktop\mul_of_8_key_recovery\CipherToolsL\..\Lib_Source\mul_of_8_key_recovery.c(1188,20): warning :  1188 |  uint64_t dat = 0, a, cnt, pair_cnt, cnt_idx;
C:\Users\Shinhanbum\Desktop\mul_of_8_key_recovery\CipherToolsL\..\Lib_Source\mul_of_8_key_recovery.c(1188,20): warning :       |                    ^
C:\Users\Shinhanbum\Desktop\mul_of_8_key_recovery\CipherToolsL\..\Lib_Source\mul_of_8_key_recovery.c(1188,11): warning : unused variable ‘dat’ [-Wunused-variable]
C:\Users\Shinhanbum\Desktop\mul_of_8_key_recovery\CipherToolsL\..\Lib_Source\mul_of_8_key_recovery.c(1188,11): warning :  1188 |  uint64_t dat = 0, a, cnt, pair_cnt, cnt_idx;
C:\Users\Shinhanbum\Desktop\mul_of_8_key_recovery\CipherToolsL\..\Lib_Source\mul_of_8_key_recovery.c(1188,11): warning :       |           ^~~
C:\Users\Shinhanbum\Desktop\mul_of_8_key_recovery\CipherToolsL\..\Lib_Source\mul_of_8_key_recovery.c(1678,8): warning : conversion from ‘time_t’ {aka ‘long int’} to ‘unsigned int’ may change value [-Wconversion]
C:\Users\Shinhanbum\Desktop\mul_of_8_key_recovery\CipherToolsL\..\Lib_Source\mul_of_8_key_recovery.c(1678,8): warning :  1678 |  srand(time(NULL));
C:\Users\Shinhanbum\Desktop\mul_of_8_key_recovery\CipherToolsL\..\Lib_Source\mul_of_8_key_recovery.c(1678,8): warning :       |        ^~~~~~~~~~
C:\Users\Shinhanbum\Desktop\mul_of_8_key_recovery\CipherToolsL\..\Lib_Source\mul_of_8_key_recovery.c(1698,58): warning : conversion to ‘long unsigned int’ from ‘int’ may change the sign of the result [-Wsign-conversion]
C:\Users\Shinhanbum\Desktop\mul_of_8_key_recovery\CipherToolsL\..\Lib_Source\mul_of_8_key_recovery.c(1698,58): warning :  1698 |   dat_tab[dat_idx].pt = (uint8_t*)malloc(sizeof(uint8_t) * num_active_sboxes_in);
C:\Users\Shinhanbum\Desktop\mul_of_8_key_recovery\CipherToolsL\..\Lib_Source\mul_of_8_key_recovery.c(1698,58): warning :       |                                                          ^
C:\Users\Shinhanbum\Desktop\mul_of_8_key_recovery\CipherToolsL\..\Lib_Source\mul_of_8_key_recovery.c(1699,57): warning : conversion to ‘long unsigned int’ from ‘int’ may change the sign of the result [-Wsign-conversion]
C:\Users\Shinhanbum\Desktop\mul_of_8_key_recovery\CipherToolsL\..\Lib_Source\mul_of_8_key_recovery.c(1699,57): warning :  1699 |   memcpy(dat_tab[dat_idx].pt, &dat_idx, sizeof(uint8_t) * num_active_sboxes_in);
C:\Users\Shinhanbum\Desktop\mul_of_8_key_recovery\CipherToolsL\..\Lib_Source\mul_of_8_key_recovery.c(1699,57): warning :       |                                                         ^
C:\Users\Shinhanbum\Desktop\mul_of_8_key_recovery\CipherToolsL\..\Lib_Source\mul_of_8_key_recovery.c(1735,15): warning : conversion from ‘uint64_t’ {aka ‘long unsigned int’} to ‘uint8_t’ {aka ‘unsigned char’} may change value [-Wconversion]
C:\Users\Shinhanbum\Desktop\mul_of_8_key_recovery\CipherToolsL\..\Lib_Source\mul_of_8_key_recovery.c(1735,15): warning :  1735 |       temp1 = dat_tab[pair_idx[0] - 1].pt[i] ^ key_can;
C:\Users\Shinhanbum\Desktop\mul_of_8_key_recovery\CipherToolsL\..\Lib_Source\mul_of_8_key_recovery.c(1735,15): warning :       |               ^~~~~~~
C:\Users\Shinhanbum\Desktop\mul_of_8_key_recovery\CipherToolsL\..\Lib_Source\mul_of_8_key_recovery.c(1736,15): warning : conversion from ‘uint64_t’ {aka ‘long unsigned int’} to ‘uint8_t’ {aka ‘unsigned char’} may change value [-Wconversion]
C:\Users\Shinhanbum\Desktop\mul_of_8_key_recovery\CipherToolsL\..\Lib_Source\mul_of_8_key_recovery.c(1736,15): warning :  1736 |       temp2 = dat_tab[pair_idx[0]].pt[i] ^ key_can;
C:\Users\Shinhanbum\Desktop\mul_of_8_key_recovery\CipherToolsL\..\Lib_Source\mul_of_8_key_recovery.c(1736,15): warning :       |               ^~~~~~~
C:\Users\Shinhanbum\Desktop\mul_of_8_key_recovery\CipherToolsL\..\Lib_Source\mul_of_8_key_recovery.c(1739,15): warning : conversion from ‘uint64_t’ {aka ‘long unsigned int’} to ‘uint8_t’ {aka ‘unsigned char’} may change value [-Wconversion]
C:\Users\Shinhanbum\Desktop\mul_of_8_key_recovery\CipherToolsL\..\Lib_Source\mul_of_8_key_recovery.c(1739,15): warning :  1739 |       temp3 = dat_tab[pair_idx[1] - 1].pt[i] ^ key_can;
C:\Users\Shinhanbum\Desktop\mul_of_8_key_recovery\CipherToolsL\..\Lib_Source\mul_of_8_key_recovery.c(1739,15): warning :       |               ^~~~~~~
C:\Users\Shinhanbum\Desktop\mul_of_8_key_recovery\CipherToolsL\..\Lib_Source\mul_of_8_key_recovery.c(1740,15): warning : conversion from ‘uint64_t’ {aka ‘long unsigned int’} to ‘uint8_t’ {aka ‘unsigned char’} may change value [-Wconversion]
C:\Users\Shinhanbum\Desktop\mul_of_8_key_recovery\CipherToolsL\..\Lib_Source\mul_of_8_key_recovery.c(1740,15): warning :  1740 |       temp4 = dat_tab[pair_idx[1]].pt[i] ^ key_can;
C:\Users\Shinhanbum\Desktop\mul_of_8_key_recovery\CipherToolsL\..\Lib_Source\mul_of_8_key_recovery.c(1740,15): warning :       |               ^~~~~~~
C:\Users\Shinhanbum\Desktop\mul_of_8_key_recovery\CipherToolsL\..\Lib_Source\mul_of_8_key_recovery.c(1800,15): warning : conversion from ‘uint64_t’ {aka ‘long unsigned int’} to ‘uint8_t’ {aka ‘unsigned char’} may change value [-Wconversion]
C:\Users\Shinhanbum\Desktop\mul_of_8_key_recovery\CipherToolsL\..\Lib_Source\mul_of_8_key_recovery.c(1800,15): warning :  1800 |       temp1 = dat_tab[pair_idx[0] - 1].pt[i] ^ key_can;
C:\Users\Shinhanbum\Desktop\mul_of_8_key_recovery\CipherToolsL\..\Lib_Source\mul_of_8_key_recovery.c(1800,15): warning :       |               ^~~~~~~
C:\Users\Shinhanbum\Desktop\mul_of_8_key_recovery\CipherToolsL\..\Lib_Source\mul_of_8_key_recovery.c(1801,15): warning : conversion from ‘uint64_t’ {aka ‘long unsigned int’} to ‘uint8_t’ {aka ‘unsigned char’} may change value [-Wconversion]
C:\Users\Shinhanbum\Desktop\mul_of_8_key_recovery\CipherToolsL\..\Lib_Source\mul_of_8_key_recovery.c(1801,15): warning :  1801 |       temp2 = dat_tab[pair_idx[0]].pt[i] ^ key_can;
C:\Users\Shinhanbum\Desktop\mul_of_8_key_recovery\CipherToolsL\..\Lib_Source\mul_of_8_key_recovery.c(1801,15): warning :       |               ^~~~~~~
C:\Users\Shinhanbum\Desktop\mul_of_8_key_recovery\CipherToolsL\..\Lib_Source\mul_of_8_key_recovery.c(1804,15): warning : conversion from ‘uint64_t’ {aka ‘long unsigned int’} to ‘uint8_t’ {aka ‘unsigned char’} may change value [-Wconversion]
C:\Users\Shinhanbum\Desktop\mul_of_8_key_recovery\CipherToolsL\..\Lib_Source\mul_of_8_key_recovery.c(1804,15): warning :  1804 |       temp3 = dat_tab[pair_idx[1] - 1].pt[i] ^ key_can;
C:\Users\Shinhanbum\Desktop\mul_of_8_key_recovery\CipherToolsL\..\Lib_Source\mul_of_8_key_recovery.c(1804,15): warning :       |               ^~~~~~~
C:\Users\Shinhanbum\Desktop\mul_of_8_key_recovery\CipherToolsL\..\Lib_Source\mul_of_8_key_recovery.c(1805,15): warning : conversion from ‘uint64_t’ {aka ‘long unsigned int’} to ‘uint8_t’ {aka ‘unsigned char’} may change value [-Wconversion]
C:\Users\Shinhanbum\Desktop\mul_of_8_key_recovery\CipherToolsL\..\Lib_Source\mul_of_8_key_recovery.c(1805,15): warning :  1805 |       temp4 = dat_tab[pair_idx[1]].pt[i] ^ key_can;
C:\Users\Shinhanbum\Desktop\mul_of_8_key_recovery\CipherToolsL\..\Lib_Source\mul_of_8_key_recovery.c(1805,15): warning :       |               ^~~~~~~
C:\Users\Shinhanbum\Desktop\mul_of_8_key_recovery\CipherToolsL\..\Lib_Source\mul_of_8_key_recovery.c(1865,15): warning : conversion from ‘uint64_t’ {aka ‘long unsigned int’} to ‘uint8_t’ {aka ‘unsigned char’} may change value [-Wconversion]
C:\Users\Shinhanbum\Desktop\mul_of_8_key_recovery\CipherToolsL\..\Lib_Source\mul_of_8_key_recovery.c(1865,15): warning :  1865 |       temp1 = dat_tab[pair_idx[0] - 1].pt[i] ^ key_can;
C:\Users\Shinhanbum\Desktop\mul_of_8_key_recovery\CipherToolsL\..\Lib_Source\mul_of_8_key_recovery.c(1865,15): warning :       |               ^~~~~~~
C:\Users\Shinhanbum\Desktop\mul_of_8_key_recovery\CipherToolsL\..\Lib_Source\mul_of_8_key_recovery.c(1866,15): warning : conversion from ‘uint64_t’ {aka ‘long unsigned int’} to ‘uint8_t’ {aka ‘unsigned char’} may change value [-Wconversion]
C:\Users\Shinhanbum\Desktop\mul_of_8_key_recovery\CipherToolsL\..\Lib_Source\mul_of_8_key_recovery.c(1866,15): warning :  1866 |       temp2 = dat_tab[pair_idx[0]].pt[i] ^ key_can;
C:\Users\Shinhanbum\Desktop\mul_of_8_key_recovery\CipherToolsL\..\Lib_Source\mul_of_8_key_recovery.c(1866,15): warning :       |               ^~~~~~~
C:\Users\Shinhanbum\Desktop\mul_of_8_key_recovery\CipherToolsL\..\Lib_Source\mul_of_8_key_recovery.c(1869,15): warning : conversion from ‘uint64_t’ {aka ‘long unsigned int’} to ‘uint8_t’ {aka ‘unsigned char’} may change value [-Wconversion]
C:\Users\Shinhanbum\Desktop\mul_of_8_key_recovery\CipherToolsL\..\Lib_Source\mul_of_8_key_recovery.c(1869,15): warning :  1869 |       temp3 = dat_tab[pair_idx[1] - 1].pt[i] ^ key_can;
C:\Users\Shinhanbum\Desktop\mul_of_8_key_recovery\CipherToolsL\..\Lib_Source\mul_of_8_key_recovery.c(1869,15): warning :       |               ^~~~~~~
C:\Users\Shinhanbum\Desktop\mul_of_8_key_recovery\CipherToolsL\..\Lib_Source\mul_of_8_key_recovery.c(1870,15): warning : conversion from ‘uint64_t’ {aka ‘long unsigned int’} to ‘uint8_t’ {aka ‘unsigned char’} may change value [-Wconversion]
C:\Users\Shinhanbum\Desktop\mul_of_8_key_recovery\CipherToolsL\..\Lib_Source\mul_of_8_key_recovery.c(1870,15): warning :  1870 |       temp4 = dat_tab[pair_idx[1]].pt[i] ^ key_can;
C:\Users\Shinhanbum\Desktop\mul_of_8_key_recovery\CipherToolsL\..\Lib_Source\mul_of_8_key_recovery.c(1870,15): warning :       |               ^~~~~~~
C:\Users\Shinhanbum\Desktop\mul_of_8_key_recovery\CipherToolsL\..\Lib_Source\mul_of_8_key_recovery.c(1930,15): warning : conversion from ‘uint64_t’ {aka ‘long unsigned int’} to ‘uint8_t’ {aka ‘unsigned char’} may change value [-Wconversion]
C:\Users\Shinhanbum\Desktop\mul_of_8_key_recovery\CipherToolsL\..\Lib_Source\mul_of_8_key_recovery.c(1930,15): warning :  1930 |       temp1 = dat_tab[pair_idx[0] - 1].pt[i] ^ key_can;
C:\Users\Shinhanbum\Desktop\mul_of_8_key_recovery\CipherToolsL\..\Lib_Source\mul_of_8_key_recovery.c(1930,15): warning :       |               ^~~~~~~
C:\Users\Shinhanbum\Desktop\mul_of_8_key_recovery\CipherToolsL\..\Lib_Source\mul_of_8_key_recovery.c(1931,15): warning : conversion from ‘uint64_t’ {aka ‘long unsigned int’} to ‘uint8_t’ {aka ‘unsigned char’} may change value [-Wconversion]
C:\Users\Shinhanbum\Desktop\mul_of_8_key_recovery\CipherToolsL\..\Lib_Source\mul_of_8_key_recovery.c(1931,15): warning :  1931 |       temp2 = dat_tab[pair_idx[0]].pt[i] ^ key_can;
C:\Users\Shinhanbum\Desktop\mul_of_8_key_recovery\CipherToolsL\..\Lib_Source\mul_of_8_key_recovery.c(1931,15): warning :       |               ^~~~~~~
C:\Users\Shinhanbum\Desktop\mul_of_8_key_recovery\CipherToolsL\..\Lib_Source\mul_of_8_key_recovery.c(1934,15): warning : conversion from ‘uint64_t’ {aka ‘long unsigned int’} to ‘uint8_t’ {aka ‘unsigned char’} may change value [-Wconversion]
C:\Users\Shinhanbum\Desktop\mul_of_8_key_recovery\CipherToolsL\..\Lib_Source\mul_of_8_key_recovery.c(1934,15): warning :  1934 |       temp3 = dat_tab[pair_idx[1] - 1].pt[i] ^ key_can;
C:\Users\Shinhanbum\Desktop\mul_of_8_key_recovery\CipherToolsL\..\Lib_Source\mul_of_8_key_recovery.c(1934,15): warning :       |               ^~~~~~~
C:\Users\Shinhanbum\Desktop\mul_of_8_key_recovery\CipherToolsL\..\Lib_Source\mul_of_8_key_recovery.c(1935,15): warning : conversion from ‘uint64_t’ {aka ‘long unsigned int’} to ‘uint8_t’ {aka ‘unsigned char’} may change value [-Wconversion]
C:\Users\Shinhanbum\Desktop\mul_of_8_key_recovery\CipherToolsL\..\Lib_Source\mul_of_8_key_recovery.c(1935,15): warning :  1935 |       temp4 = dat_tab[pair_idx[1]].pt[i] ^ key_can;
C:\Users\Shinhanbum\Desktop\mul_of_8_key_recovery\CipherToolsL\..\Lib_Source\mul_of_8_key_recovery.c(1935,15): warning :       |               ^~~~~~~
C:\Users\Shinhanbum\Desktop\mul_of_8_key_recovery\CipherToolsL\..\Lib_Source\mul_of_8_key_recovery.c(1995,15): warning : conversion from ‘uint64_t’ {aka ‘long unsigned int’} to ‘uint8_t’ {aka ‘unsigned char’} may change value [-Wconversion]
C:\Users\Shinhanbum\Desktop\mul_of_8_key_recovery\CipherToolsL\..\Lib_Source\mul_of_8_key_recovery.c(1995,15): warning :  1995 |       temp1 = dat_tab[pair_idx[0] - 1].pt[i] ^ key_can;
C:\Users\Shinhanbum\Desktop\mul_of_8_key_recovery\CipherToolsL\..\Lib_Source\mul_of_8_key_recovery.c(1995,15): warning :       |               ^~~~~~~
C:\Users\Shinhanbum\Desktop\mul_of_8_key_recovery\CipherToolsL\..\Lib_Source\mul_of_8_key_recovery.c(1996,15): warning : conversion from ‘uint64_t’ {aka ‘long unsigned int’} to ‘uint8_t’ {aka ‘unsigned char’} may change value [-Wconversion]
C:\Users\Shinhanbum\Desktop\mul_of_8_key_recovery\CipherToolsL\..\Lib_Source\mul_of_8_key_recovery.c(1996,15): warning :  1996 |       temp2 = dat_tab[pair_idx[0]].pt[i] ^ key_can;
C:\Users\Shinhanbum\Desktop\mul_of_8_key_recovery\CipherToolsL\..\Lib_Source\mul_of_8_key_recovery.c(1996,15): warning :       |               ^~~~~~~
C:\Users\Shinhanbum\Desktop\mul_of_8_key_recovery\CipherToolsL\..\Lib_Source\mul_of_8_key_recovery.c(1999,15): warning : conversion from ‘uint64_t’ {aka ‘long unsigned int’} to ‘uint8_t’ {aka ‘unsigned char’} may change value [-Wconversion]
C:\Users\Shinhanbum\Desktop\mul_of_8_key_recovery\CipherToolsL\..\Lib_Source\mul_of_8_key_recovery.c(1999,15): warning :  1999 |       temp3 = dat_tab[pair_idx[1] - 1].pt[i] ^ key_can;
C:\Users\Shinhanbum\Desktop\mul_of_8_key_recovery\CipherToolsL\..\Lib_Source\mul_of_8_key_recovery.c(1999,15): warning :       |               ^~~~~~~
C:\Users\Shinhanbum\Desktop\mul_of_8_key_recovery\CipherToolsL\..\Lib_Source\mul_of_8_key_recovery.c(2000,15): warning : conversion from ‘uint64_t’ {aka ‘long unsigned int’} to ‘uint8_t’ {aka ‘unsigned char’} may change value [-Wconversion]
C:\Users\Shinhanbum\Desktop\mul_of_8_key_recovery\CipherToolsL\..\Lib_Source\mul_of_8_key_recovery.c(2000,15): warning :  2000 |       temp4 = dat_tab[pair_idx[1]].pt[i] ^ key_can;
C:\Users\Shinhanbum\Desktop\mul_of_8_key_recovery\CipherToolsL\..\Lib_Source\mul_of_8_key_recovery.c(2000,15): warning :       |               ^~~~~~~
C:\Users\Shinhanbum\Desktop\mul_of_8_key_recovery\CipherToolsL\..\Lib_Source\mul_of_8_key_recovery.c(2060,15): warning : conversion from ‘uint64_t’ {aka ‘long unsigned int’} to ‘uint8_t’ {aka ‘unsigned char’} may change value [-Wconversion]
C:\Users\Shinhanbum\Desktop\mul_of_8_key_recovery\CipherToolsL\..\Lib_Source\mul_of_8_key_recovery.c(2060,15): warning :  2060 |       temp1 = dat_tab[pair_idx[0] - 1].pt[i] ^ key_can;
C:\Users\Shinhanbum\Desktop\mul_of_8_key_recovery\CipherToolsL\..\Lib_Source\mul_of_8_key_recovery.c(2060,15): warning :       |               ^~~~~~~
C:\Users\Shinhanbum\Desktop\mul_of_8_key_recovery\CipherToolsL\..\Lib_Source\mul_of_8_key_recovery.c(2061,15): warning : conversion from ‘uint64_t’ {aka ‘long unsigned int’} to ‘uint8_t’ {aka ‘unsigned char’} may change value [-Wconversion]
C:\Users\Shinhanbum\Desktop\mul_of_8_key_recovery\CipherToolsL\..\Lib_Source\mul_of_8_key_recovery.c(2061,15): warning :  2061 |       temp2 = dat_tab[pair_idx[0]].pt[i] ^ key_can;
C:\Users\Shinhanbum\Desktop\mul_of_8_key_recovery\CipherToolsL\..\Lib_Source\mul_of_8_key_recovery.c(2061,15): warning :       |               ^~~~~~~
C:\Users\Shinhanbum\Desktop\mul_of_8_key_recovery\CipherToolsL\..\Lib_Source\mul_of_8_key_recovery.c(2064,15): warning : conversion from ‘uint64_t’ {aka ‘long unsigned int’} to ‘uint8_t’ {aka ‘unsigned char’} may change value [-Wconversion]
C:\Users\Shinhanbum\Desktop\mul_of_8_key_recovery\CipherToolsL\..\Lib_Source\mul_of_8_key_recovery.c(2064,15): warning :  2064 |       temp3 = dat_tab[pair_idx[1] - 1].pt[i] ^ key_can;
C:\Users\Shinhanbum\Desktop\mul_of_8_key_recovery\CipherToolsL\..\Lib_Source\mul_of_8_key_recovery.c(2064,15): warning :       |               ^~~~~~~
C:\Users\Shinhanbum\Desktop\mul_of_8_key_recovery\CipherToolsL\..\Lib_Source\mul_of_8_key_recovery.c(2065,15): warning : conversion from ‘uint64_t’ {aka ‘long unsigned int’} to ‘uint8_t’ {aka ‘unsigned char’} may change value [-Wconversion]
C:\Users\Shinhanbum\Desktop\mul_of_8_key_recovery\CipherToolsL\..\Lib_Source\mul_of_8_key_recovery.c(2065,15): warning :  2065 |       temp4 = dat_tab[pair_idx[1]].pt[i] ^ key_can;
C:\Users\Shinhanbum\Desktop\mul_of_8_key_recovery\CipherToolsL\..\Lib_Source\mul_of_8_key_recovery.c(2065,15): warning :       |               ^~~~~~~
C:\Users\Shinhanbum\Desktop\mul_of_8_key_recovery\CipherToolsL\..\Lib_Source\mul_of_8_key_recovery.c(1657,11): warning : unused variable ‘found_pairs_num’ [-Wunused-variable]
C:\Users\Shinhanbum\Desktop\mul_of_8_key_recovery\CipherToolsL\..\Lib_Source\mul_of_8_key_recovery.c(1657,11): warning :  1657 |  uint64_t found_pairs_num = 0;
C:\Users\Shinhanbum\Desktop\mul_of_8_key_recovery\CipherToolsL\..\Lib_Source\mul_of_8_key_recovery.c(1657,11): warning :       |           ^~~~~~~~~~~~~~~
C:\Users\Shinhanbum\Desktop\mul_of_8_key_recovery\CipherToolsL\..\Lib_Source\mul_of_8_key_recovery.c(1652,38): warning : unused variable ‘cnt_idx’ [-Wunused-variable]
C:\Users\Shinhanbum\Desktop\mul_of_8_key_recovery\CipherToolsL\..\Lib_Source\mul_of_8_key_recovery.c(1652,38): warning :  1652 |  uint64_t dat = 0, a, cnt, pair_cnt, cnt_idx;
C:\Users\Shinhanbum\Desktop\mul_of_8_key_recovery\CipherToolsL\..\Lib_Source\mul_of_8_key_recovery.c(1652,38): warning :       |                                      ^~~~~~~
C:\Users\Shinhanbum\Desktop\mul_of_8_key_recovery\CipherToolsL\..\Lib_Source\mul_of_8_key_recovery.c(1652,23): warning : unused variable ‘cnt’ [-Wunused-variable]
C:\Users\Shinhanbum\Desktop\mul_of_8_key_recovery\CipherToolsL\..\Lib_Source\mul_of_8_key_recovery.c(1652,23): warning :  1652 |  uint64_t dat = 0, a, cnt, pair_cnt, cnt_idx;
C:\Users\Shinhanbum\Desktop\mul_of_8_key_recovery\CipherToolsL\..\Lib_Source\mul_of_8_key_recovery.c(1652,23): warning :       |                       ^~~
C:\Users\Shinhanbum\Desktop\mul_of_8_key_recovery\CipherToolsL\..\Lib_Source\mul_of_8_key_recovery.c(1652,20): warning : unused variable ‘a’ [-Wunused-variable]
C:\Users\Shinhanbum\Desktop\mul_of_8_key_recovery\CipherToolsL\..\Lib_Source\mul_of_8_key_recovery.c(1652,20): warning :  1652 |  uint64_t dat = 0, a, cnt, pair_cnt, cnt_idx;
C:\Users\Shinhanbum\Desktop\mul_of_8_key_recovery\CipherToolsL\..\Lib_Source\mul_of_8_key_recovery.c(1652,20): warning :       |                    ^
C:\Users\Shinhanbum\Desktop\mul_of_8_key_recovery\CipherToolsL\..\Lib_Source\mul_of_8_key_recovery.c(1652,11): warning : unused variable ‘dat’ [-Wunused-variable]
C:\Users\Shinhanbum\Desktop\mul_of_8_key_recovery\CipherToolsL\..\Lib_Source\mul_of_8_key_recovery.c(1652,11): warning :  1652 |  uint64_t dat = 0, a, cnt, pair_cnt, cnt_idx;
C:\Users\Shinhanbum\Desktop\mul_of_8_key_recovery\CipherToolsL\..\Lib_Source\mul_of_8_key_recovery.c(1652,11): warning :       |           ^~~
C:\Users\Shinhanbum\Desktop\mul_of_8_key_recovery\CipherToolsL\..\Lib_Source\mul_of_8_key_recovery.c(715,1): warning : control reaches end of non-void function [-Wreturn-type]
C:\Users\Shinhanbum\Desktop\mul_of_8_key_recovery\CipherToolsL\..\Lib_Source\mul_of_8_key_recovery.c(715,1): warning :   715 | }
C:\Users\Shinhanbum\Desktop\mul_of_8_key_recovery\CipherToolsL\..\Lib_Source\mul_of_8_key_recovery.c(715,1): warning :       | ^
C:\Users\Shinhanbum\Desktop\mul_of_8_key_recovery\CipherToolsL\..\Lib_Source\mul_of_8_key_recovery.c(91,13): warning : ‘MixColumns’ defined but not used [-Wunused-function]
C:\Users\Shinhanbum\Desktop\mul_of_8_key_recovery\CipherToolsL\..\Lib_Source\mul_of_8_key_recovery.c(91,13): warning :    91 | static void MixColumns(uint8_t* state)
C:\Users\Shinhanbum\Desktop\mul_of_8_key_recovery\CipherToolsL\..\Lib_Source\mul_of_8_key_recovery.c(91,13): warning :       |             ^~~~~~~~~~
  개체를 연결하는 중
  CipherToolsL.vcxproj -> C:\Users\Shinhanbum\Desktop\mul_of_8_key_recovery\CipherToolsL\bin\x64\Release\libciphertools.so
  C:\Users\Shinhanbum\Desktop\mul_of_8_key_recovery\CipherToolsL\bin\x64\Release\libciphertools.so
  1개 파일이 복사되었습니다.
